2024-07-03 23:43:00.2220 [http-nio-8080-Poller] DEBUG o.apache.tomcat.util.net.NioEndpoint - timeout completed: keys processed=0; now=1720030380222; nextExpiration=1720030380209; keyCount=0; hasEvents=false; eval=false
2024-07-03 23:43:01.2510 [http-nio-8080-Poller] DEBUG o.apache.tomcat.util.net.NioEndpoint - timeout completed: keys processed=0; now=1720030381251; nextExpiration=1720030381222; keyCount=0; hasEvents=false; eval=false
2024-07-03 23:43:02.2520 [http-nio-8080-Poller] DEBUG o.apache.tomcat.util.net.NioEndpoint - timeout completed: keys processed=0; now=1720030382252; nextExpiration=1720030382251; keyCount=0; hasEvents=false; eval=false
2024-07-03 23:43:03.2540 [http-nio-8080-Poller] DEBUG o.apache.tomcat.util.net.NioEndpoint - timeout completed: keys processed=0; now=1720030383254; nextExpiration=1720030383252; keyCount=0; hasEvents=false; eval=false
2024-07-03 23:43:04.2660 [http-nio-8080-Poller] DEBUG o.apache.tomcat.util.net.NioEndpoint - timeout completed: keys processed=0; now=1720030384266; nextExpiration=1720030384254; keyCount=0; hasEvents=false; eval=false
2024-07-03 23:43:05.2800 [http-nio-8080-Poller] DEBUG o.apache.tomcat.util.net.NioEndpoint - timeout completed: keys processed=0; now=1720030385280; nextExpiration=1720030385266; keyCount=0; hasEvents=false; eval=false
2024-07-03 23:43:06.2840 [http-nio-8080-Poller] DEBUG o.apache.tomcat.util.net.NioEndpoint - timeout completed: keys processed=0; now=1720030386284; nextExpiration=1720030386280; keyCount=0; hasEvents=false; eval=false
2024-07-03 23:43:07.2980 [http-nio-8080-Poller] DEBUG o.apache.tomcat.util.net.NioEndpoint - timeout completed: keys processed=0; now=1720030387298; nextExpiration=1720030387284; keyCount=0; hasEvents=false; eval=false
2024-07-03 23:43:08.3130 [http-nio-8080-Poller] DEBUG o.apache.tomcat.util.net.NioEndpoint - timeout completed: keys processed=0; now=1720030388313; nextExpiration=1720030388298; keyCount=0; hasEvents=false; eval=false
2024-07-03 23:43:09.3230 [http-nio-8080-Poller] DEBUG o.apache.tomcat.util.net.NioEndpoint - timeout completed: keys processed=0; now=1720030389323; nextExpiration=1720030389313; keyCount=0; hasEvents=false; eval=false
2024-07-03 23:43:10.3370 [http-nio-8080-Poller] DEBUG o.apache.tomcat.util.net.NioEndpoint - timeout completed: keys processed=0; now=1720030390337; nextExpiration=1720030390323; keyCount=0; hasEvents=false; eval=false
2024-07-03 23:43:11.3510 [http-nio-8080-Poller] DEBUG o.apache.tomcat.util.net.NioEndpoint - timeout completed: keys processed=0; now=1720030391351; nextExpiration=1720030391337; keyCount=0; hasEvents=false; eval=false
2024-07-03 23:43:12.3540 [http-nio-8080-Poller] DEBUG o.apache.tomcat.util.net.NioEndpoint - timeout completed: keys processed=0; now=1720030392354; nextExpiration=1720030392351; keyCount=0; hasEvents=false; eval=false
2024-07-03 23:43:13.3670 [http-nio-8080-Poller] DEBUG o.apache.tomcat.util.net.NioEndpoint - timeout completed: keys processed=0; now=1720030393367; nextExpiration=1720030393354; keyCount=0; hasEvents=false; eval=false
2024-07-03 23:43:14.3820 [http-nio-8080-Poller] DEBUG o.apache.tomcat.util.net.NioEndpoint - timeout completed: keys processed=0; now=1720030394382; nextExpiration=1720030394367; keyCount=0; hasEvents=false; eval=false
2024-07-03 23:43:15.3950 [http-nio-8080-Poller] DEBUG o.apache.tomcat.util.net.NioEndpoint - timeout completed: keys processed=0; now=1720030395395; nextExpiration=1720030395382; keyCount=0; hasEvents=false; eval=false
2024-07-03 23:43:16.4110 [http-nio-8080-Poller] DEBUG o.apache.tomcat.util.net.NioEndpoint - timeout completed: keys processed=0; now=1720030396411; nextExpiration=1720030396395; keyCount=0; hasEvents=false; eval=false
2024-07-03 23:43:17.4230 [http-nio-8080-Poller] DEBUG o.apache.tomcat.util.net.NioEndpoint - timeout completed: keys processed=0; now=1720030397423; nextExpiration=1720030397411; keyCount=0; hasEvents=false; eval=false
2024-07-03 23:43:17.9500 [http-nio-8080-Acceptor] DEBUG o.a.tomcat.util.threads.LimitLatch - Counting up[http-nio-8080-Acceptor] latch=1
2024-07-03 23:43:17.9510 [http-nio-8080-Acceptor] DEBUG o.a.tomcat.util.threads.LimitLatch - Counting up[http-nio-8080-Acceptor] latch=2
2024-07-03 23:43:17.9550 [http-nio-8080-exec-1] DEBUG o.a.coyote.http11.Http11NioProtocol - Processing socket [org.apache.tomcat.util.net.NioChannel@33c6dc36:java.nio.channels.SocketChannel[connected local=/[0:0:0:0:0:0:0:1]:8080 remote=/[0:0:0:0:0:0:0:1]:62175]] with status [OPEN_READ]
2024-07-03 23:43:17.9550 [http-nio-8080-exec-1] DEBUG o.a.coyote.http11.Http11NioProtocol - Found processor [null] for socket [org.apache.tomcat.util.net.NioChannel@33c6dc36:java.nio.channels.SocketChannel[connected local=/[0:0:0:0:0:0:0:1]:8080 remote=/[0:0:0:0:0:0:0:1]:62175]]
2024-07-03 23:43:17.9550 [http-nio-8080-exec-1] DEBUG o.a.coyote.http11.Http11NioProtocol - Popped processor [null] from cache
2024-07-03 23:43:18.0100 [http-nio-8080-exec-1] DEBUG o.a.coyote.http11.Http11NioProtocol - Register [org.apache.coyote.http11.Http11Processor@4bfe8f10] as [Tomcat:type=RequestProcessor,worker="http-nio-8080",name=HttpRequest1]
2024-07-03 23:43:18.0100 [http-nio-8080-exec-1] DEBUG o.a.coyote.http11.Http11NioProtocol - Created new processor [org.apache.coyote.http11.Http11Processor@4bfe8f10]
2024-07-03 23:43:18.0200 [http-nio-8080-exec-1] DEBUG o.a.coyote.http11.Http11InputBuffer - Before fill(): parsingHeader: [true], parsingRequestLine: [true], parsingRequestLinePhase: [0], parsingRequestLineStart: [0], byteBuffer.position(): [0], byteBuffer.limit(): [0], end: [0]
2024-07-03 23:43:18.0210 [http-nio-8080-exec-1] DEBUG o.a.t.util.net.SocketWrapperBase - Socket: [org.apache.tomcat.util.net.NioEndpoint$NioSocketWrapper@e2d0129:org.apache.tomcat.util.net.NioChannel@33c6dc36:java.nio.channels.SocketChannel[connected local=/[0:0:0:0:0:0:0:1]:8080 remote=/[0:0:0:0:0:0:0:1]:62175]], Read from buffer: [0]
2024-07-03 23:43:18.0220 [http-nio-8080-exec-1] DEBUG o.apache.tomcat.util.net.NioEndpoint - Socket: [org.apache.tomcat.util.net.NioEndpoint$NioSocketWrapper@e2d0129:org.apache.tomcat.util.net.NioChannel@33c6dc36:java.nio.channels.SocketChannel[connected local=/[0:0:0:0:0:0:0:1]:8080 remote=/[0:0:0:0:0:0:0:1]:62175]], Read direct from socket: [798]
2024-07-03 23:43:18.0220 [http-nio-8080-exec-1] DEBUG o.a.coyote.http11.Http11InputBuffer - Received [GET /api/accounts/1596 HTTP/1.1
Host: localhost:8080
Connection: keep-alive
Cache-Control: max-age=0
sec-ch-ua: "Not/A)Brand";v="8", "Chromium";v="126", "Google Chrome";v="126"
sec-ch-ua-mobile: ?0
sec-ch-ua-platform: "Windows"
DNT: 1
Upgrade-Insecure-Requests: 1
User-Agent: Mozilla/5.0 (Windows NT 10.0; Win64; x64) AppleWebKit/537.36 (KHTML, like Gecko) Chrome/126.0.0.0 Safari/537.36
Accept: text/html,application/xhtml+xml,application/xml;q=0.9,image/avif,image/webp,image/apng,*/*;q=0.8,application/signed-exchange;v=b3;q=0.7
Sec-Fetch-Site: none
Sec-Fetch-Mode: navigate
Sec-Fetch-User: ?1
Sec-Fetch-Dest: document
Accept-Encoding: gzip, deflate, br, zstd
Accept-Language: en-IN,en-GB;q=0.9,en-US;q=0.8,en;q=0.7
Cookie: Idea-c4163029=e3f450a4-220b-429f-8e7a-6c4e40cf9ba9

]
2024-07-03 23:43:18.0690 [http-nio-8080-exec-1] DEBUG o.apache.tomcat.util.http.Parameters - Set query string encoding to UTF-8
2024-07-03 23:43:18.0730 [http-nio-8080-exec-1] DEBUG o.a.t.u.http.Rfc6265CookieProcessor - Cookies: Parsing b[]: Idea-c4163029=e3f450a4-220b-429f-8e7a-6c4e40cf9ba9
2024-07-03 23:43:18.0790 [http-nio-8080-exec-1] DEBUG o.a.c.a.AuthenticatorBase - Security checking request GET /api/accounts/1596
2024-07-03 23:43:18.0800 [http-nio-8080-exec-1] DEBUG org.apache.catalina.realm.RealmBase -   No applicable constraints defined
2024-07-03 23:43:18.0890 [http-nio-8080-exec-1] DEBUG o.a.c.a.jaspic.AuthConfigFactoryImpl - Loading persistent provider registrations from [C:\Users\sahaa\AppData\Local\Temp\tomcat.8080.17134437621788334906\conf\jaspic-providers.xml]
2024-07-03 23:43:18.0890 [http-nio-8080-exec-1] DEBUG o.a.c.a.AuthenticatorBase - Not subject to any constraint
2024-07-03 23:43:18.0950 [http-nio-8080-exec-1] INFO  o.a.c.c.C.[Tomcat].[localhost].[/] - Initializing Spring DispatcherServlet 'dispatcherServlet'
2024-07-03 23:43:18.0960 [http-nio-8080-exec-1] INFO  o.s.web.servlet.DispatcherServlet - Initializing Servlet 'dispatcherServlet'
2024-07-03 23:43:18.0960 [http-nio-8080-exec-1] TRACE o.s.b.f.s.DefaultListableBeanFactory - Returning cached instance of singleton bean 'multipartResolver'
2024-07-03 23:43:18.0970 [http-nio-8080-exec-1] TRACE o.s.web.servlet.DispatcherServlet - Detected org.springframework.web.multipart.support.StandardServletMultipartResolver@116fe252
2024-07-03 23:43:18.0970 [http-nio-8080-exec-1] TRACE o.s.b.f.s.DefaultListableBeanFactory - Returning cached instance of singleton bean 'localeResolver'
2024-07-03 23:43:18.0970 [http-nio-8080-exec-1] TRACE o.s.web.servlet.DispatcherServlet - Detected org.springframework.web.servlet.i18n.AcceptHeaderLocaleResolver@360d0c7a
2024-07-03 23:43:18.0970 [http-nio-8080-exec-1] TRACE o.s.b.f.s.DefaultListableBeanFactory - Returning cached instance of singleton bean 'themeResolver'
2024-07-03 23:43:18.0970 [http-nio-8080-exec-1] TRACE o.s.web.servlet.DispatcherServlet - Detected org.springframework.web.servlet.theme.FixedThemeResolver@15096b0e
2024-07-03 23:43:18.0980 [http-nio-8080-exec-1] TRACE o.s.b.f.s.DefaultListableBeanFactory - Returning cached instance of singleton bean 'welcomePageHandlerMapping'
2024-07-03 23:43:18.0990 [http-nio-8080-exec-1] TRACE o.s.b.f.s.DefaultListableBeanFactory - Returning cached instance of singleton bean 'welcomePageNotAcceptableHandlerMapping'
2024-07-03 23:43:18.0990 [http-nio-8080-exec-1] TRACE o.s.b.f.s.DefaultListableBeanFactory - Returning cached instance of singleton bean 'requestMappingHandlerMapping'
2024-07-03 23:43:18.0990 [http-nio-8080-exec-1] TRACE o.s.b.f.s.DefaultListableBeanFactory - Returning cached instance of singleton bean 'viewControllerHandlerMapping'
2024-07-03 23:43:18.0990 [http-nio-8080-exec-1] TRACE o.s.b.f.s.DefaultListableBeanFactory - Returning cached instance of singleton bean 'beanNameHandlerMapping'
2024-07-03 23:43:18.0990 [http-nio-8080-exec-1] TRACE o.s.b.f.s.DefaultListableBeanFactory - Returning cached instance of singleton bean 'routerFunctionMapping'
2024-07-03 23:43:18.0990 [http-nio-8080-exec-1] TRACE o.s.b.f.s.DefaultListableBeanFactory - Returning cached instance of singleton bean 'resourceHandlerMapping'
2024-07-03 23:43:18.0990 [http-nio-8080-exec-1] TRACE o.s.b.f.s.DefaultListableBeanFactory - Returning cached instance of singleton bean 'defaultServletHandlerMapping'
2024-07-03 23:43:18.1000 [http-nio-8080-exec-1] TRACE o.s.b.f.s.DefaultListableBeanFactory - Returning cached instance of singleton bean 'requestMappingHandlerAdapter'
2024-07-03 23:43:18.1000 [http-nio-8080-exec-1] TRACE o.s.b.f.s.DefaultListableBeanFactory - Returning cached instance of singleton bean 'handlerFunctionAdapter'
2024-07-03 23:43:18.1000 [http-nio-8080-exec-1] TRACE o.s.b.f.s.DefaultListableBeanFactory - Returning cached instance of singleton bean 'httpRequestHandlerAdapter'
2024-07-03 23:43:18.1000 [http-nio-8080-exec-1] TRACE o.s.b.f.s.DefaultListableBeanFactory - Returning cached instance of singleton bean 'simpleControllerHandlerAdapter'
2024-07-03 23:43:18.1010 [http-nio-8080-exec-1] TRACE o.s.b.f.s.DefaultListableBeanFactory - Returning cached instance of singleton bean 'errorAttributes'
2024-07-03 23:43:18.1010 [http-nio-8080-exec-1] TRACE o.s.b.f.s.DefaultListableBeanFactory - Returning cached instance of singleton bean 'handlerExceptionResolver'
2024-07-03 23:43:18.1010 [http-nio-8080-exec-1] TRACE o.s.b.f.s.DefaultListableBeanFactory - Returning cached instance of singleton bean 'viewNameTranslator'
2024-07-03 23:43:18.1010 [http-nio-8080-exec-1] TRACE o.s.web.servlet.DispatcherServlet - Detected DefaultRequestToViewNameTranslator
2024-07-03 23:43:18.1020 [http-nio-8080-exec-1] TRACE o.s.b.f.s.DefaultListableBeanFactory - Returning cached instance of singleton bean 'beanNameViewResolver'
2024-07-03 23:43:18.1020 [http-nio-8080-exec-1] TRACE o.s.b.f.s.DefaultListableBeanFactory - Returning cached instance of singleton bean 'mvcViewResolver'
2024-07-03 23:43:18.1020 [http-nio-8080-exec-1] TRACE o.s.b.f.s.DefaultListableBeanFactory - Returning cached instance of singleton bean 'defaultViewResolver'
2024-07-03 23:43:18.1020 [http-nio-8080-exec-1] TRACE o.s.b.f.s.DefaultListableBeanFactory - Returning cached instance of singleton bean 'viewResolver'
2024-07-03 23:43:18.1020 [http-nio-8080-exec-1] TRACE o.s.b.f.s.DefaultListableBeanFactory - Returning cached instance of singleton bean 'flashMapManager'
2024-07-03 23:43:18.1020 [http-nio-8080-exec-1] TRACE o.s.web.servlet.DispatcherServlet - Detected SessionFlashMapManager
2024-07-03 23:43:18.1030 [http-nio-8080-exec-1] DEBUG o.s.web.servlet.DispatcherServlet - enableLoggingRequestDetails='false': request parameters and headers will be masked to prevent unsafe logging of potentially sensitive data
2024-07-03 23:43:18.1030 [http-nio-8080-exec-1] INFO  o.s.web.servlet.DispatcherServlet - Completed initialization in 7 ms
2024-07-03 23:43:18.1040 [http-nio-8080-exec-1] DEBUG o.a.catalina.core.StandardWrapper -   Returning instance
2024-07-03 23:43:18.1210 [http-nio-8080-exec-1] TRACE o.s.b.w.s.f.OrderedRequestContextFilter - Bound request context to thread: org.apache.catalina.connector.RequestFacade@27366dfb
2024-07-03 23:43:18.1340 [http-nio-8080-exec-1] DEBUG o.apache.tomcat.util.http.Parameters - Set encoding to UTF-8
2024-07-03 23:43:18.1370 [http-nio-8080-exec-1] TRACE o.s.web.servlet.DispatcherServlet - GET "/api/accounts/1596", parameters={}, headers={masked} in DispatcherServlet 'dispatcherServlet'
2024-07-03 23:43:18.1860 [http-nio-8080-exec-1] TRACE o.s.b.f.s.DefaultListableBeanFactory - Returning cached instance of singleton bean 'accountController'
2024-07-03 23:43:18.1870 [http-nio-8080-exec-1] TRACE o.s.w.s.m.m.a.RequestMappingHandlerMapping - Mapped to com.ndb.bankingApp.controller.AccountController#getAccount(Long)
2024-07-03 23:43:18.1890 [http-nio-8080-exec-1] DEBUG o.s.o.j.s.OpenEntityManagerInViewInterceptor - Opening JPA EntityManager in OpenEntityManagerInViewInterceptor
2024-07-03 23:43:18.1900 [http-nio-8080-exec-1] TRACE o.h.i.SessionFactoryImpl$SessionBuilderImpl - Opening Hibernate Session.  tenant=null
2024-07-03 23:43:18.1900 [http-nio-8080-exec-1] TRACE org.hibernate.internal.SessionImpl - Opened Session [eb1ff7a3-117f-4339-a662-cfa48b2a217f] at timestamp: 1720030398190
2024-07-03 23:43:18.2560 [http-nio-8080-exec-1] TRACE o.s.web.method.HandlerMethod - Arguments: [1596]
2024-07-03 23:43:18.2740 [http-nio-8080-exec-1] TRACE o.s.d.r.c.s.TransactionalRepositoryProxyPostProcessor$RepositoryAnnotationTransactionAttributeSource - Adding transactional method 'org.springframework.data.jpa.repository.support.SimpleJpaRepository.findById' with attribute: PROPAGATION_REQUIRED,ISOLATION_DEFAULT,readOnly
2024-07-03 23:43:18.2750 [http-nio-8080-exec-1] TRACE o.s.b.f.s.DefaultListableBeanFactory - Returning cached instance of singleton bean 'transactionManager'
2024-07-03 23:43:18.3040 [http-nio-8080-exec-1] DEBUG o.s.orm.jpa.JpaTransactionManager - Found thread-bound EntityManager [SessionImpl(254803406PersistenceContext[entityKeys=[], collectionKeys=[]];ActionQueue[insertions=ExecutableList{size=0} updates=ExecutableList{size=0} deletions=ExecutableList{size=0} orphanRemovals=ExecutableList{size=0} collectionCreations=ExecutableList{size=0} collectionRemovals=ExecutableList{size=0} collectionUpdates=ExecutableList{size=0} collectionQueuedOps=ExecutableList{size=0} unresolvedInsertDependencies=null])] for JPA transaction
2024-07-03 23:43:18.3050 [http-nio-8080-exec-1] DEBUG o.s.orm.jpa.JpaTransactionManager - Creating new transaction with name [org.springframework.data.jpa.repository.support.SimpleJpaRepository.findById]: PROPAGATION_REQUIRED,ISOLATION_DEFAULT,readOnly
2024-07-03 23:43:18.3160 [http-nio-8080-exec-1] DEBUG o.s.jdbc.datasource.DataSourceUtils - Setting JDBC Connection [HikariProxyConnection@466700339 wrapping com.mysql.cj.jdbc.ConnectionImpl@1607d391] read-only
2024-07-03 23:43:18.3210 [http-nio-8080-exec-1] DEBUG o.h.e.t.internal.TransactionImpl - On TransactionImpl creation, JpaCompliance#isJpaTransactionComplianceEnabled == false
2024-07-03 23:43:18.3210 [http-nio-8080-exec-1] DEBUG o.h.e.t.internal.TransactionImpl - begin
2024-07-03 23:43:18.3210 [http-nio-8080-exec-1] TRACE o.h.r.j.i.AbstractLogicalConnectionImplementor - Preparing to begin transaction via JDBC Connection.setAutoCommit(false)
2024-07-03 23:43:18.3220 [http-nio-8080-exec-1] TRACE o.h.r.j.i.AbstractLogicalConnectionImplementor - Transaction begun via JDBC Connection.setAutoCommit(false)
2024-07-03 23:43:18.3230 [http-nio-8080-exec-1] TRACE o.h.r.t.b.j.i.JdbcResourceLocalTransactionCoordinatorImpl - ResourceLocalTransactionCoordinatorImpl#afterBeginCallback
2024-07-03 23:43:18.3250 [http-nio-8080-exec-1] DEBUG o.s.orm.jpa.JpaTransactionManager - Exposing JPA transaction as JDBC [org.springframework.orm.jpa.vendor.HibernateJpaDialect$HibernateConnectionHandle@1fd4304b]
2024-07-03 23:43:18.3260 [http-nio-8080-exec-1] TRACE o.s.t.i.TransactionInterceptor - Getting transaction for [org.springframework.data.jpa.repository.support.SimpleJpaRepository.findById]
2024-07-03 23:43:18.3500 [http-nio-8080-exec-1] TRACE o.h.e.i.DefaultLoadEventListener - Loading entity: [com.ndb.bankingApp.dao.Account#1596]
2024-07-03 23:43:18.3500 [http-nio-8080-exec-1] TRACE o.h.e.i.DefaultLoadEventListener - Attempting to resolve: [com.ndb.bankingApp.dao.Account#1596]
2024-07-03 23:43:18.3530 [http-nio-8080-exec-1] TRACE o.h.e.i.DefaultLoadEventListener - Object not resolved in any cache: [com.ndb.bankingApp.dao.Account#1596]
2024-07-03 23:43:18.3540 [http-nio-8080-exec-1] TRACE o.h.p.entity.AbstractEntityPersister - Fetching entity: [com.ndb.bankingApp.dao.Account#1596]
2024-07-03 23:43:18.3720 [http-nio-8080-exec-1] DEBUG org.hibernate.orm.sql.exec - Skipping reading Query result cache data: cache-enabled = false, cache-mode = IGNORE
2024-07-03 23:43:18.3900 [http-nio-8080-exec-1] TRACE org.hibernate.orm.results - Registering initializer : DelayedCollectionInitializer(com.ndb.bankingApp.dao.Account.transactions)
2024-07-03 23:43:18.3940 [http-nio-8080-exec-1] TRACE org.hibernate.orm.results - Registering initializer : EntityResultInitializer(com.ndb.bankingApp.dao.Account)
2024-07-03 23:43:18.3970 [http-nio-8080-exec-1] DEBUG org.hibernate.orm.results - Initializer list:
	  com.ndb.bankingApp.dao.Account -> EntityResultInitializer(com.ndb.bankingApp.dao.Account)@987394792 (SingleTableEntityPersister(com.ndb.bankingApp.dao.Account))
	  com.ndb.bankingApp.dao.Account.transactions -> DelayedCollectionInitializer(com.ndb.bankingApp.dao.Account.transactions)@1964574135 (PluralAttribute(com.ndb.bankingApp.dao.Account.transactions))

2024-07-03 23:43:18.4040 [http-nio-8080-exec-1] TRACE o.h.s.r.j.i.DeferredResultSetAccess - Executing query to retrieve ResultSet : select a1_0.id,a1_0.account_holder_name,a1_0.balance from account a1_0 where a1_0.id=?
2024-07-03 23:43:18.4090 [http-nio-8080-exec-1] DEBUG org.hibernate.SQL - select a1_0.id,a1_0.account_holder_name,a1_0.balance from account a1_0 where a1_0.id=?
2024-07-03 23:43:18.4100 [http-nio-8080-exec-1] TRACE o.h.r.j.i.ResourceRegistryStandardImpl - Registering statement [HikariProxyPreparedStatement@437109412 wrapping com.mysql.cj.jdbc.ClientPreparedStatement: select a1_0.id,a1_0.account_holder_name,a1_0.balance from account a1_0 where a1_0.id=** NOT SPECIFIED **]
2024-07-03 23:43:18.4110 [http-nio-8080-exec-1] TRACE o.h.e.j.internal.JdbcCoordinatorImpl - Registering last query statement [HikariProxyPreparedStatement@437109412 wrapping com.mysql.cj.jdbc.ClientPreparedStatement: select a1_0.id,a1_0.account_holder_name,a1_0.balance from account a1_0 where a1_0.id=** NOT SPECIFIED **]
2024-07-03 23:43:18.4130 [http-nio-8080-exec-1] TRACE org.hibernate.orm.jdbc.bind - binding parameter (1:BIGINT) <- [1596]
2024-07-03 23:43:18.4180 [http-nio-8080-exec-1] TRACE o.h.r.j.i.ResourceRegistryStandardImpl - Registering result set [HikariProxyResultSet@1711810805 wrapping com.mysql.cj.jdbc.result.ResultSetImpl@7793c065]
2024-07-03 23:43:18.4190 [http-nio-8080-exec-1] TRACE o.h.r.j.i.ResourceRegistryStandardImpl - Releasing result set [HikariProxyResultSet@1711810805 wrapping com.mysql.cj.jdbc.result.ResultSetImpl@7793c065]
2024-07-03 23:43:18.4190 [http-nio-8080-exec-1] TRACE o.h.r.j.i.ResourceRegistryStandardImpl - Closing result set [HikariProxyResultSet@1711810805 wrapping com.mysql.cj.jdbc.result.ResultSetImpl@7793c065]
2024-07-03 23:43:18.4190 [http-nio-8080-exec-1] TRACE o.h.r.j.i.ResourceRegistryStandardImpl - Releasing statement [HikariProxyPreparedStatement@437109412 wrapping com.mysql.cj.jdbc.ClientPreparedStatement: select a1_0.id,a1_0.account_holder_name,a1_0.balance from account a1_0 where a1_0.id=1596]
2024-07-03 23:43:18.4200 [http-nio-8080-exec-1] TRACE o.h.r.j.i.ResourceRegistryStandardImpl - Closing prepared statement [HikariProxyPreparedStatement@437109412 wrapping com.mysql.cj.jdbc.ClientPreparedStatement: select a1_0.id,a1_0.account_holder_name,a1_0.balance from account a1_0 where a1_0.id=1596]
2024-07-03 23:43:18.4200 [http-nio-8080-exec-1] TRACE o.h.r.j.i.AbstractLogicalConnectionImplementor - LogicalConnection#afterStatement
2024-07-03 23:43:18.4200 [http-nio-8080-exec-1] TRACE o.h.e.i.StatefulPersistenceContext - Initializing non-lazy collections
2024-07-03 23:43:18.4220 [http-nio-8080-exec-1] TRACE o.s.t.i.TransactionInterceptor - Completing transaction for [org.springframework.data.jpa.repository.support.SimpleJpaRepository.findById]
2024-07-03 23:43:18.4220 [http-nio-8080-exec-1] DEBUG o.s.orm.jpa.JpaTransactionManager - Initiating transaction commit
2024-07-03 23:43:18.4230 [http-nio-8080-exec-1] DEBUG o.s.orm.jpa.JpaTransactionManager - Committing JPA transaction on EntityManager [SessionImpl(254803406PersistenceContext[entityKeys=[], collectionKeys=[]];ActionQueue[insertions=ExecutableList{size=0} updates=ExecutableList{size=0} deletions=ExecutableList{size=0} orphanRemovals=ExecutableList{size=0} collectionCreations=ExecutableList{size=0} collectionRemovals=ExecutableList{size=0} collectionUpdates=ExecutableList{size=0} collectionQueuedOps=ExecutableList{size=0} unresolvedInsertDependencies=null])]
2024-07-03 23:43:18.4230 [http-nio-8080-exec-1] DEBUG o.h.e.t.internal.TransactionImpl - committing
2024-07-03 23:43:18.4230 [http-nio-8080-exec-1] TRACE o.h.r.t.b.j.i.JdbcResourceLocalTransactionCoordinatorImpl - ResourceLocalTransactionCoordinatorImpl#beforeCompletionCallback
2024-07-03 23:43:18.4230 [http-nio-8080-exec-1] TRACE org.hibernate.internal.SessionImpl - SessionImpl#beforeTransactionCompletion()
2024-07-03 23:43:18.4240 [http-nio-8080-exec-1] TRACE o.h.r.j.i.AbstractLogicalConnectionImplementor - LogicalConnection#beforeTransactionCompletion
2024-07-03 23:43:18.4240 [http-nio-8080-exec-1] TRACE o.h.r.t.i.SynchronizationRegistryStandardImpl - SynchronizationRegistryStandardImpl.notifySynchronizationsBeforeTransactionCompletion
2024-07-03 23:43:18.4240 [http-nio-8080-exec-1] TRACE o.h.r.j.i.AbstractLogicalConnectionImplementor - Preparing to commit transaction via JDBC Connection.commit()
2024-07-03 23:43:18.4250 [http-nio-8080-exec-1] TRACE o.h.r.j.i.AbstractLogicalConnectionImplementor - Transaction committed via JDBC Connection.commit()
2024-07-03 23:43:18.4250 [http-nio-8080-exec-1] TRACE o.h.r.j.i.AbstractLogicalConnectionImplementor - re-enabling auto-commit on JDBC Connection after completion of JDBC-based transaction
2024-07-03 23:43:18.4270 [http-nio-8080-exec-1] TRACE o.h.r.j.i.AbstractLogicalConnectionImplementor - LogicalConnection#afterTransaction
2024-07-03 23:43:18.4270 [http-nio-8080-exec-1] TRACE o.h.r.j.i.ResourceRegistryStandardImpl - Releasing JDBC resources
2024-07-03 23:43:18.4270 [http-nio-8080-exec-1] TRACE o.h.r.t.b.j.i.JdbcResourceLocalTransactionCoordinatorImpl - ResourceLocalTransactionCoordinatorImpl#afterCompletionCallback(true)
2024-07-03 23:43:18.4270 [http-nio-8080-exec-1] TRACE o.h.r.t.i.SynchronizationRegistryStandardImpl - SynchronizationRegistryStandardImpl.notifySynchronizationsAfterTransactionCompletion(3)
2024-07-03 23:43:18.4280 [http-nio-8080-exec-1] TRACE org.hibernate.internal.SessionImpl - SessionImpl#afterTransactionCompletion(successful=true, delayed=false)
2024-07-03 23:43:18.4300 [http-nio-8080-exec-1] DEBUG o.s.jdbc.datasource.DataSourceUtils - Resetting read-only flag of JDBC Connection [HikariProxyConnection@466700339 wrapping com.mysql.cj.jdbc.ConnectionImpl@1607d391]
2024-07-03 23:43:18.4320 [http-nio-8080-exec-1] DEBUG o.s.orm.jpa.JpaTransactionManager - Not closing pre-bound JPA EntityManager after transaction
2024-07-03 23:43:18.4330 [http-nio-8080-exec-1] INFO  c.n.b.s.impl.AccountServiceImpl - Account not found: 1596 Account doesn't exist id :1596
2024-07-03 23:43:18.4370 [http-nio-8080-exec-1] DEBUG o.s.w.s.m.m.a.ExceptionHandlerExceptionResolver - Using @ExceptionHandler com.ndb.bankingApp.exception.GlobalExceptionHandler#handleAccountNotFoundException(AccountNotFoundException, WebRequest)
2024-07-03 23:43:18.4390 [http-nio-8080-exec-1] TRACE o.s.web.method.HandlerMethod - Arguments: [com.ndb.bankingApp.exception.AccountNotFoundException: Account doesn't exist id :1596, ServletWebRequest: uri=/api/accounts/1596;client=0:0:0:0:0:0:0:1]
2024-07-03 23:43:18.5130 [http-nio-8080-exec-1] DEBUG o.s.w.s.m.m.a.HttpEntityMethodProcessor - Using 'application/json;q=0.8', given [text/html, application/xhtml+xml, image/avif, image/webp, image/apng, application/xml;q=0.9, */*;q=0.8, application/signed-exchange;v=b3;q=0.7] and supported [application/json, application/*+json]
2024-07-03 23:43:18.5230 [http-nio-8080-exec-1] TRACE o.s.w.s.m.m.a.HttpEntityMethodProcessor - Writing [CustomErrorResponse(statusCode=404, timeStamp=2024-07-03T23:43:18.441559200, errorMessage=Account doesn't exist id :1596, description=uri=/api/accounts/1596)]
2024-07-03 23:43:18.5510 [http-nio-8080-exec-1] DEBUG o.s.w.s.m.m.a.ExceptionHandlerExceptionResolver - Resolved [com.ndb.bankingApp.exception.AccountNotFoundException: Account doesn't exist id :1596]
2024-07-03 23:43:18.5520 [http-nio-8080-exec-1] TRACE o.s.web.servlet.DispatcherServlet - No view rendering, null ModelAndView returned.
2024-07-03 23:43:18.5540 [http-nio-8080-exec-1] DEBUG o.s.o.j.s.OpenEntityManagerInViewInterceptor - Closing JPA EntityManager in OpenEntityManagerInViewInterceptor
2024-07-03 23:43:18.5540 [http-nio-8080-exec-1] TRACE org.hibernate.internal.SessionImpl - Closing session [eb1ff7a3-117f-4339-a662-cfa48b2a217f]
2024-07-03 23:43:18.5550 [http-nio-8080-exec-1] TRACE o.h.e.j.internal.JdbcCoordinatorImpl - Closing JDBC container [org.hibernate.engine.jdbc.internal.JdbcCoordinatorImpl@4fa98d2e]
2024-07-03 23:43:18.5550 [http-nio-8080-exec-1] TRACE o.h.r.j.i.ResourceRegistryStandardImpl - Releasing JDBC resources
2024-07-03 23:43:18.5550 [http-nio-8080-exec-1] TRACE o.h.r.j.i.LogicalConnectionManagedImpl - Closing logical connection
2024-07-03 23:43:18.5550 [http-nio-8080-exec-1] TRACE o.h.r.j.i.ResourceRegistryStandardImpl - Releasing JDBC resources
2024-07-03 23:43:18.5550 [http-nio-8080-exec-1] TRACE o.h.r.j.i.LogicalConnectionManagedImpl - Logical connection closed
2024-07-03 23:43:18.5570 [http-nio-8080-exec-1] DEBUG o.s.web.servlet.DispatcherServlet - Completed 404 NOT_FOUND, headers={masked}
2024-07-03 23:43:18.5580 [http-nio-8080-exec-1] TRACE o.s.b.w.s.f.OrderedRequestContextFilter - Cleared thread-bound request context: org.apache.catalina.connector.RequestFacade@27366dfb
2024-07-03 23:43:18.5610 [http-nio-8080-exec-1] DEBUG o.a.coyote.http11.Http11InputBuffer - Before fill(): parsingHeader: [true], parsingRequestLine: [true], parsingRequestLinePhase: [0], parsingRequestLineStart: [0], byteBuffer.position(): [0], byteBuffer.limit(): [0], end: [798]
2024-07-03 23:43:18.5620 [http-nio-8080-exec-1] DEBUG o.a.t.util.net.SocketWrapperBase - Socket: [org.apache.tomcat.util.net.NioEndpoint$NioSocketWrapper@e2d0129:org.apache.tomcat.util.net.NioChannel@33c6dc36:java.nio.channels.SocketChannel[connected local=/[0:0:0:0:0:0:0:1]:8080 remote=/[0:0:0:0:0:0:0:1]:62175]], Read from buffer: [0]
2024-07-03 23:43:18.5630 [http-nio-8080-exec-1] DEBUG o.apache.tomcat.util.net.NioEndpoint - Socket: [org.apache.tomcat.util.net.NioEndpoint$NioSocketWrapper@e2d0129:org.apache.tomcat.util.net.NioChannel@33c6dc36:java.nio.channels.SocketChannel[connected local=/[0:0:0:0:0:0:0:1]:8080 remote=/[0:0:0:0:0:0:0:1]:62175]], Read direct from socket: [0]
2024-07-03 23:43:18.5630 [http-nio-8080-exec-1] DEBUG o.a.coyote.http11.Http11InputBuffer - Received []
2024-07-03 23:43:18.5640 [http-nio-8080-exec-1] DEBUG o.a.coyote.http11.Http11Processor - Socket: [org.apache.tomcat.util.net.NioEndpoint$NioSocketWrapper@e2d0129:org.apache.tomcat.util.net.NioChannel@33c6dc36:java.nio.channels.SocketChannel[connected local=/[0:0:0:0:0:0:0:1]:8080 remote=/[0:0:0:0:0:0:0:1]:62175]], Status in: [OPEN_READ], State out: [OPEN]
2024-07-03 23:43:18.5660 [http-nio-8080-exec-1] DEBUG o.a.coyote.http11.Http11NioProtocol - Pushed Processor [org.apache.coyote.http11.Http11Processor@4bfe8f10]
2024-07-03 23:43:18.5660 [http-nio-8080-exec-1] DEBUG o.apache.tomcat.util.net.NioEndpoint - Registered read interest for [org.apache.tomcat.util.net.NioEndpoint$NioSocketWrapper@e2d0129:org.apache.tomcat.util.net.NioChannel@33c6dc36:java.nio.channels.SocketChannel[connected local=/[0:0:0:0:0:0:0:1]:8080 remote=/[0:0:0:0:0:0:0:1]:62175]]
2024-07-03 23:43:18.5670 [http-nio-8080-Poller] DEBUG o.apache.tomcat.util.net.NioEndpoint - timeout completed: keys processed=2; now=1720030398567; nextExpiration=1720030398423; keyCount=0; hasEvents=true; eval=false
2024-07-03 23:43:18.6400 [http-nio-8080-exec-2] DEBUG o.a.coyote.http11.Http11NioProtocol - Processing socket [org.apache.tomcat.util.net.NioChannel@33c6dc36:java.nio.channels.SocketChannel[connected local=/[0:0:0:0:0:0:0:1]:8080 remote=/[0:0:0:0:0:0:0:1]:62175]] with status [OPEN_READ]
2024-07-03 23:43:18.6410 [http-nio-8080-exec-2] DEBUG o.a.coyote.http11.Http11NioProtocol - Found processor [null] for socket [org.apache.tomcat.util.net.NioChannel@33c6dc36:java.nio.channels.SocketChannel[connected local=/[0:0:0:0:0:0:0:1]:8080 remote=/[0:0:0:0:0:0:0:1]:62175]]
2024-07-03 23:43:18.6410 [http-nio-8080-exec-2] DEBUG o.a.coyote.http11.Http11NioProtocol - Popped processor [org.apache.coyote.http11.Http11Processor@4bfe8f10] from cache
2024-07-03 23:43:18.6410 [http-nio-8080-exec-2] DEBUG o.a.coyote.http11.Http11InputBuffer - Before fill(): parsingHeader: [true], parsingRequestLine: [true], parsingRequestLinePhase: [0], parsingRequestLineStart: [0], byteBuffer.position(): [0], byteBuffer.limit(): [0], end: [798]
2024-07-03 23:43:18.6420 [http-nio-8080-exec-2] DEBUG o.a.t.util.net.SocketWrapperBase - Socket: [org.apache.tomcat.util.net.NioEndpoint$NioSocketWrapper@e2d0129:org.apache.tomcat.util.net.NioChannel@33c6dc36:java.nio.channels.SocketChannel[connected local=/[0:0:0:0:0:0:0:1]:8080 remote=/[0:0:0:0:0:0:0:1]:62175]], Read from buffer: [0]
2024-07-03 23:43:18.6420 [http-nio-8080-exec-2] DEBUG o.apache.tomcat.util.net.NioEndpoint - Socket: [org.apache.tomcat.util.net.NioEndpoint$NioSocketWrapper@e2d0129:org.apache.tomcat.util.net.NioChannel@33c6dc36:java.nio.channels.SocketChannel[connected local=/[0:0:0:0:0:0:0:1]:8080 remote=/[0:0:0:0:0:0:0:1]:62175]], Read direct from socket: [698]
2024-07-03 23:43:18.6420 [http-nio-8080-exec-2] DEBUG o.a.coyote.http11.Http11InputBuffer - Received [GET /favicon.ico HTTP/1.1
Host: localhost:8080
Connection: keep-alive
sec-ch-ua: "Not/A)Brand";v="8", "Chromium";v="126", "Google Chrome";v="126"
DNT: 1
sec-ch-ua-mobile: ?0
User-Agent: Mozilla/5.0 (Windows NT 10.0; Win64; x64) AppleWebKit/537.36 (KHTML, like Gecko) Chrome/126.0.0.0 Safari/537.36
sec-ch-ua-platform: "Windows"
Accept: image/avif,image/webp,image/apng,image/svg+xml,image/*,*/*;q=0.8
Sec-Fetch-Site: same-origin
Sec-Fetch-Mode: no-cors
Sec-Fetch-Dest: image
Referer: http://localhost:8080/api/accounts/1596
Accept-Encoding: gzip, deflate, br, zstd
Accept-Language: en-IN,en-GB;q=0.9,en-US;q=0.8,en;q=0.7
Cookie: Idea-c4163029=e3f450a4-220b-429f-8e7a-6c4e40cf9ba9

]
2024-07-03 23:43:18.6430 [http-nio-8080-exec-2] DEBUG o.a.t.u.http.Rfc6265CookieProcessor - Cookies: Parsing b[]: Idea-c4163029=e3f450a4-220b-429f-8e7a-6c4e40cf9ba9
2024-07-03 23:43:18.6430 [http-nio-8080-exec-2] DEBUG o.a.c.a.AuthenticatorBase - Security checking request GET /favicon.ico
2024-07-03 23:43:18.6430 [http-nio-8080-exec-2] DEBUG org.apache.catalina.realm.RealmBase -   No applicable constraints defined
2024-07-03 23:43:18.6430 [http-nio-8080-exec-2] DEBUG o.a.c.a.AuthenticatorBase - Not subject to any constraint
2024-07-03 23:43:18.6430 [http-nio-8080-exec-2] DEBUG o.a.catalina.core.StandardWrapper -   Returning instance
2024-07-03 23:43:18.6440 [http-nio-8080-exec-2] TRACE o.s.b.w.s.f.OrderedRequestContextFilter - Bound request context to thread: org.apache.catalina.connector.RequestFacade@244a5cbc
2024-07-03 23:43:18.6440 [http-nio-8080-exec-2] DEBUG o.apache.tomcat.util.http.Parameters - Set encoding to UTF-8
2024-07-03 23:43:18.6440 [http-nio-8080-exec-2] TRACE o.s.web.servlet.DispatcherServlet - GET "/favicon.ico", parameters={}, headers={masked} in DispatcherServlet 'dispatcherServlet'
2024-07-03 23:43:18.6520 [http-nio-8080-exec-2] TRACE o.s.w.s.h.SimpleUrlHandlerMapping - Mapped to HandlerExecutionChain with [ResourceHttpRequestHandler [classpath [META-INF/resources/], classpath [resources/], classpath [static/], classpath [public/], ServletContext [/]]] and 5 interceptors
2024-07-03 23:43:18.6560 [http-nio-8080-exec-2] DEBUG o.s.o.j.s.OpenEntityManagerInViewInterceptor - Opening JPA EntityManager in OpenEntityManagerInViewInterceptor
2024-07-03 23:43:18.6560 [http-nio-8080-exec-2] TRACE o.h.i.SessionFactoryImpl$SessionBuilderImpl - Opening Hibernate Session.  tenant=null
2024-07-03 23:43:18.6570 [http-nio-8080-exec-2] TRACE org.hibernate.internal.SessionImpl - Opened Session [1b0a81eb-ea2f-4225-89a2-a8d5ef2edd14] at timestamp: 1720030398657
2024-07-03 23:43:18.6600 [http-nio-8080-exec-2] DEBUG o.s.w.s.r.ResourceHttpRequestHandler - Resource not found
2024-07-03 23:43:18.6620 [http-nio-8080-exec-2] DEBUG o.s.w.s.m.m.a.ExceptionHandlerExceptionResolver - Using @ExceptionHandler com.ndb.bankingApp.exception.GlobalExceptionHandler#handleGenericException(Exception, WebRequest)
2024-07-03 23:43:18.6620 [http-nio-8080-exec-2] TRACE o.s.web.method.HandlerMethod - Arguments: [org.springframework.web.servlet.resource.NoResourceFoundException: No static resource favicon.ico., ServletWebRequest: uri=/favicon.ico;client=0:0:0:0:0:0:0:1]
2024-07-03 23:43:18.6640 [http-nio-8080-exec-2] DEBUG o.s.w.s.m.m.a.HttpEntityMethodProcessor - Using 'application/json;q=0.8', given [image/avif, image/webp, image/apng, image/svg+xml, image/*, */*;q=0.8] and supported [application/json, application/*+json]
2024-07-03 23:43:18.6640 [http-nio-8080-exec-2] TRACE o.s.w.s.m.m.a.HttpEntityMethodProcessor - Writing [CustomErrorResponse(statusCode=500, timeStamp=2024-07-03T23:43:18.663009800, errorMessage=An unexpected error occurred: No static resource favicon.ico., description=uri=/favicon.ico)]
2024-07-03 23:43:18.6740 [http-nio-8080-exec-2] DEBUG o.s.w.s.m.m.a.ExceptionHandlerExceptionResolver - Resolved [org.springframework.web.servlet.resource.NoResourceFoundException: No static resource favicon.ico.]
2024-07-03 23:43:18.6740 [http-nio-8080-exec-2] TRACE o.s.web.servlet.DispatcherServlet - No view rendering, null ModelAndView returned.
2024-07-03 23:43:18.6740 [http-nio-8080-exec-2] DEBUG o.s.o.j.s.OpenEntityManagerInViewInterceptor - Closing JPA EntityManager in OpenEntityManagerInViewInterceptor
2024-07-03 23:43:18.6740 [http-nio-8080-exec-2] TRACE org.hibernate.internal.SessionImpl - Closing session [1b0a81eb-ea2f-4225-89a2-a8d5ef2edd14]
2024-07-03 23:43:18.6740 [http-nio-8080-exec-2] TRACE o.h.e.j.internal.JdbcCoordinatorImpl - Closing JDBC container [org.hibernate.engine.jdbc.internal.JdbcCoordinatorImpl@2c0d7bee]
2024-07-03 23:43:18.6740 [http-nio-8080-exec-2] TRACE o.h.r.j.i.ResourceRegistryStandardImpl - Releasing JDBC resources
2024-07-03 23:43:18.6740 [http-nio-8080-exec-2] TRACE o.h.r.j.i.LogicalConnectionManagedImpl - Closing logical connection
2024-07-03 23:43:18.6740 [http-nio-8080-exec-2] TRACE o.h.r.j.i.LogicalConnectionManagedImpl - Logical connection closed
2024-07-03 23:43:18.6760 [http-nio-8080-exec-2] DEBUG o.s.web.servlet.DispatcherServlet - Completed 500 INTERNAL_SERVER_ERROR, headers={masked}
2024-07-03 23:43:18.6760 [http-nio-8080-exec-2] TRACE o.s.b.w.s.f.OrderedRequestContextFilter - Cleared thread-bound request context: org.apache.catalina.connector.RequestFacade@244a5cbc
2024-07-03 23:43:18.6770 [http-nio-8080-exec-2] DEBUG o.a.coyote.http11.Http11Processor - Socket: [org.apache.tomcat.util.net.NioEndpoint$NioSocketWrapper@e2d0129:org.apache.tomcat.util.net.NioChannel@33c6dc36:java.nio.channels.SocketChannel[connected local=/[0:0:0:0:0:0:0:1]:8080 remote=/[0:0:0:0:0:0:0:1]:62175]], Status in: [OPEN_READ], State out: [CLOSED]
2024-07-03 23:43:18.6770 [http-nio-8080-exec-2] DEBUG o.a.coyote.http11.Http11NioProtocol - Pushed Processor [org.apache.coyote.http11.Http11Processor@4bfe8f10]
2024-07-03 23:43:18.6790 [http-nio-8080-exec-2] DEBUG o.a.tomcat.util.threads.LimitLatch - Counting down[http-nio-8080-exec-2] latch=2
2024-07-03 23:43:18.6800 [http-nio-8080-exec-2] DEBUG o.apache.tomcat.util.net.NioEndpoint - Calling [org.apache.tomcat.util.net.NioEndpoint@326b764a].closeSocket([org.apache.tomcat.util.net.NioEndpoint$NioSocketWrapper@e2d0129:org.apache.tomcat.util.net.NioChannel@33c6dc36:java.nio.channels.SocketChannel[connected local=/[0:0:0:0:0:0:0:1]:8080 remote=/[0:0:0:0:0:0:0:1]:62175]])
2024-07-03 23:43:19.6440 [http-nio-8080-Poller] DEBUG o.apache.tomcat.util.net.NioEndpoint - timeout completed: keys processed=1; now=1720030399644; nextExpiration=1720030399567; keyCount=0; hasEvents=false; eval=false
2024-07-03 23:43:20.3450 [HikariPool-1 housekeeper] DEBUG com.zaxxer.hikari.pool.HikariPool - HikariPool-1 - Pool stats (total=10, active=0, idle=10, waiting=0)
2024-07-03 23:43:20.3450 [HikariPool-1 housekeeper] DEBUG com.zaxxer.hikari.pool.HikariPool - HikariPool-1 - Fill pool skipped, pool has sufficient level or currently being filled.
2024-07-03 23:43:20.6570 [http-nio-8080-Poller] DEBUG o.apache.tomcat.util.net.NioEndpoint - timeout completed: keys processed=1; now=1720030400657; nextExpiration=1720030400644; keyCount=0; hasEvents=false; eval=false
2024-07-03 23:43:21.6600 [http-nio-8080-Poller] DEBUG o.apache.tomcat.util.net.NioEndpoint - timeout completed: keys processed=1; now=1720030401660; nextExpiration=1720030401657; keyCount=0; hasEvents=false; eval=false
2024-07-03 23:43:22.6680 [http-nio-8080-Poller] DEBUG o.apache.tomcat.util.net.NioEndpoint - timeout completed: keys processed=1; now=1720030402668; nextExpiration=1720030402660; keyCount=0; hasEvents=false; eval=false
2024-07-03 23:43:23.7580 [http-nio-8080-Poller] DEBUG o.apache.tomcat.util.net.NioEndpoint - timeout completed: keys processed=1; now=1720030403758; nextExpiration=1720030403668; keyCount=0; hasEvents=false; eval=false
2024-07-03 23:43:24.7660 [http-nio-8080-Poller] DEBUG o.apache.tomcat.util.net.NioEndpoint - timeout completed: keys processed=1; now=1720030404766; nextExpiration=1720030404758; keyCount=0; hasEvents=false; eval=false
2024-07-03 23:43:25.7740 [http-nio-8080-Poller] DEBUG o.apache.tomcat.util.net.NioEndpoint - timeout completed: keys processed=1; now=1720030405774; nextExpiration=1720030405766; keyCount=0; hasEvents=false; eval=false
2024-07-03 23:43:26.7750 [http-nio-8080-Poller] DEBUG o.apache.tomcat.util.net.NioEndpoint - timeout completed: keys processed=1; now=1720030406775; nextExpiration=1720030406774; keyCount=0; hasEvents=false; eval=false
2024-07-03 23:43:27.7750 [http-nio-8080-Poller] DEBUG o.apache.tomcat.util.net.NioEndpoint - timeout completed: keys processed=1; now=1720030407775; nextExpiration=1720030407775; keyCount=0; hasEvents=false; eval=false
2024-07-03 23:43:28.7770 [http-nio-8080-Poller] DEBUG o.apache.tomcat.util.net.NioEndpoint - timeout completed: keys processed=1; now=1720030408777; nextExpiration=1720030408775; keyCount=0; hasEvents=false; eval=false
2024-07-03 23:43:29.7890 [http-nio-8080-Poller] DEBUG o.apache.tomcat.util.net.NioEndpoint - timeout completed: keys processed=1; now=1720030409789; nextExpiration=1720030409777; keyCount=0; hasEvents=false; eval=false
2024-07-03 23:43:30.8000 [http-nio-8080-Poller] DEBUG o.apache.tomcat.util.net.NioEndpoint - timeout completed: keys processed=1; now=1720030410800; nextExpiration=1720030410789; keyCount=0; hasEvents=false; eval=false
2024-07-03 23:43:30.9200 [SIGINT handler] DEBUG java.lang.Runtime - Runtime.exit() called with status: 130
java.lang.Throwable: Runtime.exit(130)
	at java.base/java.lang.Shutdown.logRuntimeExit(Shutdown.java:179)
	at java.base/java.lang.Shutdown.exit(Shutdown.java:160)
	at java.base/java.lang.Terminator$1.handle(Terminator.java:51)
	at java.base/jdk.internal.misc.Signal$1.run(Signal.java:218)
	at java.base/java.lang.Thread.run(Thread.java:1583)
2024-07-03 23:43:30.9230 [SpringApplicationShutdownHook] DEBUG o.s.b.a.ApplicationAvailabilityBean - Application availability state ReadinessState changed from ACCEPTING_TRAFFIC to REFUSING_TRAFFIC
2024-07-03 23:43:30.9230 [SpringApplicationShutdownHook] DEBUG o.s.b.w.s.c.AnnotationConfigServletWebServerApplicationContext - Closing org.springframework.boot.web.servlet.context.AnnotationConfigServletWebServerApplicationContext@db57326, started on Wed Jul 03 23:42:43 IST 2024
2024-07-03 23:43:30.9240 [SpringApplicationShutdownHook] TRACE o.s.b.f.s.DefaultListableBeanFactory - Returning cached instance of singleton bean 'applicationTaskExecutor'
2024-07-03 23:43:30.9250 [SpringApplicationShutdownHook] TRACE o.s.b.f.s.DefaultListableBeanFactory - Returning cached instance of singleton bean 'applicationTaskExecutor'
2024-07-03 23:43:30.9250 [SpringApplicationShutdownHook] TRACE o.s.b.f.s.DefaultListableBeanFactory - Returning cached instance of singleton bean 'lifecycleProcessor'
2024-07-03 23:43:30.9250 [SpringApplicationShutdownHook] TRACE o.s.b.f.s.DefaultListableBeanFactory - Returning cached instance of singleton bean 'springBootLoggingLifecycle'
2024-07-03 23:43:30.9250 [SpringApplicationShutdownHook] TRACE o.s.b.f.s.DefaultListableBeanFactory - Returning cached instance of singleton bean 'webServerGracefulShutdown'
2024-07-03 23:43:30.9250 [SpringApplicationShutdownHook] TRACE o.s.b.f.s.DefaultListableBeanFactory - Returning cached instance of singleton bean 'webServerStartStop'
2024-07-03 23:43:30.9270 [SpringApplicationShutdownHook] DEBUG o.s.c.s.DefaultLifecycleProcessor - Stopping beans in phase 2147483647
2024-07-03 23:43:30.9280 [SpringApplicationShutdownHook] TRACE o.s.c.s.DefaultLifecycleProcessor - Asking bean 'applicationTaskExecutor' of type [org.springframework.scheduling.concurrent.ThreadPoolTaskExecutor] to stop
2024-07-03 23:43:30.9290 [SpringApplicationShutdownHook] DEBUG o.s.c.s.DefaultLifecycleProcessor - Bean 'applicationTaskExecutor' completed its stop procedure
2024-07-03 23:43:30.9290 [SpringApplicationShutdownHook] DEBUG o.s.c.s.DefaultLifecycleProcessor - Stopping beans in phase 2147482623
2024-07-03 23:43:30.9290 [SpringApplicationShutdownHook] TRACE o.s.c.s.DefaultLifecycleProcessor - Asking bean 'webServerGracefulShutdown' of type [org.springframework.boot.web.context.WebServerGracefulShutdownLifecycle] to stop
2024-07-03 23:43:30.9320 [SpringApplicationShutdownHook] DEBUG o.s.c.s.DefaultLifecycleProcessor - Bean 'webServerGracefulShutdown' completed its stop procedure
2024-07-03 23:43:30.9320 [SpringApplicationShutdownHook] DEBUG o.s.c.s.DefaultLifecycleProcessor - Stopping beans in phase 2147481599
2024-07-03 23:43:30.9320 [SpringApplicationShutdownHook] TRACE o.s.c.s.DefaultLifecycleProcessor - Asking bean 'webServerStartStop' of type [org.springframework.boot.web.servlet.context.WebServerStartStopLifecycle] to stop
2024-07-03 23:43:30.9440 [SpringApplicationShutdownHook] DEBUG o.s.c.s.DefaultLifecycleProcessor - Bean 'webServerStartStop' completed its stop procedure
2024-07-03 23:43:30.9440 [SpringApplicationShutdownHook] DEBUG o.s.c.s.DefaultLifecycleProcessor - Stopping beans in phase -2147483647
2024-07-03 23:43:30.9440 [SpringApplicationShutdownHook] TRACE o.s.c.s.DefaultLifecycleProcessor - Asking bean 'springBootLoggingLifecycle' of type [org.springframework.boot.context.logging.LoggingApplicationListener$Lifecycle] to stop
2024-07-03 23:43:30.9450 [SpringApplicationShutdownHook] DEBUG o.s.c.s.DefaultLifecycleProcessor - Bean 'springBootLoggingLifecycle' completed its stop procedure
2024-07-03 23:43:30.9450 [SpringApplicationShutdownHook] TRACE o.s.b.f.s.DefaultListableBeanFactory - Destroying singletons in org.springframework.beans.factory.support.DefaultListableBeanFactory@71b3bc45: defining beans [org.springframework.context.annotation.internalConfigurationAnnotationProcessor,org.springframework.context.annotation.internalAutowiredAnnotationProcessor,org.springframework.context.annotation.internalCommonAnnotationProcessor,org.springframework.context.annotation.internalPersistenceAnnotationProcessor,org.springframework.context.event.internalEventListenerProcessor,org.springframework.context.event.internalEventListenerFactory,bankingAppApplication,org.springframework.boot.autoconfigure.internalCachingMetadataReaderFactory,accountController,globalExceptionHandler,accountServiceImpl,transactionServiceImpl,org.springframework.boot.autoconfigure.AutoConfigurationPackages,org.springframework.boot.autoconfigure.context.PropertyPlaceholderAutoConfiguration,propertySourcesPlaceholderConfigurer,org.springframework.boot.autoconfigure.ssl.SslAutoConfiguration,fileWatcher,sslPropertiesSslBundleRegistrar,sslBundleRegistry,org.springframework.boot.context.properties.ConfigurationPropertiesBindingPostProcessor,org.springframework.boot.context.internalConfigurationPropertiesBinder,org.springframework.boot.context.properties.BoundConfigurationProperties,org.springframework.boot.context.properties.EnableConfigurationPropertiesRegistrar.methodValidationExcludeFilter,spring.ssl-org.springframework.boot.autoconfigure.ssl.SslProperties,org.springframework.boot.autoconfigure.websocket.servlet.WebSocketServletAutoConfiguration$TomcatWebSocketConfiguration,websocketServletWebServerCustomizer,org.springframework.boot.autoconfigure.websocket.servlet.WebSocketServletAutoConfiguration,org.springframework.boot.autoconfigure.web.servlet.ServletWebServerFactoryConfiguration$EmbeddedTomcat,tomcatServletWebServerFactory,org.springframework.boot.autoconfigure.web.servlet.ServletWebServerFactoryAutoConfiguration,servletWebServerFactoryCustomizer,tomcatServletWebServerFactoryCustomizer,server-org.springframework.boot.autoconfigure.web.ServerProperties,webServerFactoryCustomizerBeanPostProcessor,errorPageRegistrarBeanPostProcessor,org.springframework.boot.autoconfigure.web.servlet.DispatcherServletAutoConfiguration$DispatcherServletConfiguration,dispatcherServlet,spring.mvc-org.springframework.boot.autoconfigure.web.servlet.WebMvcProperties,org.springframework.boot.autoconfigure.web.servlet.DispatcherServletAutoConfiguration$DispatcherServletRegistrationConfiguration,dispatcherServletRegistration,org.springframework.boot.autoconfigure.web.servlet.DispatcherServletAutoConfiguration,org.springframework.boot.autoconfigure.task.TaskExecutorConfigurations$ThreadPoolTaskExecutorBuilderConfiguration,threadPoolTaskExecutorBuilder,org.springframework.boot.autoconfigure.task.TaskExecutorConfigurations$TaskExecutorBuilderConfiguration,taskExecutorBuilder,org.springframework.boot.autoconfigure.task.TaskExecutorConfigurations$SimpleAsyncTaskExecutorBuilderConfiguration,simpleAsyncTaskExecutorBuilder,org.springframework.boot.autoconfigure.task.TaskExecutorConfigurations$TaskExecutorConfiguration,applicationTaskExecutor,org.springframework.boot.autoconfigure.task.TaskExecutionAutoConfiguration,spring.task.execution-org.springframework.boot.autoconfigure.task.TaskExecutionProperties,org.springframework.boot.autoconfigure.validation.ValidationAutoConfiguration,defaultValidator,methodValidationPostProcessor,org.springframework.boot.autoconfigure.web.servlet.error.ErrorMvcAutoConfiguration$WhitelabelErrorViewConfiguration,error,beanNameViewResolver,org.springframework.boot.autoconfigure.web.servlet.error.ErrorMvcAutoConfiguration$DefaultErrorViewResolverConfiguration,conventionErrorViewResolver,spring.web-org.springframework.boot.autoconfigure.web.WebProperties,org.springframework.boot.autoconfigure.web.servlet.error.ErrorMvcAutoConfiguration,errorAttributes,basicErrorController,errorPageCustomizer,preserveErrorControllerTargetClassPostProcessor,org.springframework.boot.autoconfigure.web.servlet.WebMvcAutoConfiguration$EnableWebMvcConfiguration,welcomePageHandlerMapping,welcomePageNotAcceptableHandlerMapping,localeResolver,themeResolver,flashMapManager,mvcConversionService,mvcValidator,mvcContentNegotiationManager,requestMappingHandlerMapping,mvcPatternParser,mvcUrlPathHelper,mvcPathMatcher,viewControllerHandlerMapping,beanNameHandlerMapping,routerFunctionMapping,resourceHandlerMapping,mvcResourceUrlProvider,defaultServletHandlerMapping,requestMappingHandlerAdapter,handlerFunctionAdapter,mvcUriComponentsContributor,httpRequestHandlerAdapter,simpleControllerHandlerAdapter,handlerExceptionResolver,mvcViewResolver,mvcHandlerMappingIntrospector,viewNameTranslator,org.springframework.boot.autoconfigure.web.servlet.WebMvcAutoConfiguration$WebMvcAutoConfigurationAdapter,defaultViewResolver,viewResolver,requestContextFilter,org.springframework.boot.autoconfigure.web.servlet.WebMvcAutoConfiguration,formContentFilter,org.springdoc.core.configuration.SpringDocConfiguration$QuerydslProvider,queryDslQuerydslPredicateOperationCustomizer,org.springdoc.core.configuration.SpringDocConfiguration$OpenApiResourceAdvice,org.springdoc.core.configuration.SpringDocConfiguration$SpringDocSpringDataWebPropertiesProvider,springDataWebPropertiesProvider,org.springdoc.core.configuration.SpringDocConfiguration$WebConversionServiceConfiguration,webConversionServiceProvider,org.springdoc.core.configuration.SpringDocConfiguration,localSpringDocParameterNameDiscoverer,additionalModelsConverter,fileSupportConverter,responseSupportConverter,schemaPropertyDeprecatingConverter,polymorphicModelConverter,openAPIBuilder,modelConverterRegistrar,operationBuilder,propertyResolverUtils,requestBodyBuilder,securityParser,genericReturnTypeParser,parameterBuilder,springDocProviders,springdocObjectMapperProvider,springDocCustomizers,org.springdoc.core.configuration.SpringDocHateoasConfiguration,hateoasHalProvider,collectionModelContentConverter,linksSchemaCustomizer,org.springdoc.core.configuration.SpringDocPageableConfiguration,pageableOpenAPIConverter,pageOpenAPIConverter,delegatingMethodParameterCustomizer,org.springdoc.core.configuration.SpringDocSortConfiguration,sortOpenAPIConverter,org.springdoc.core.configuration.SpringDocUIConfiguration,org.springdoc.core.properties.SpringDocConfigProperties,org.springdoc.core.properties.SwaggerUiConfigParameters,org.springdoc.core.properties.SwaggerUiConfigProperties,org.springdoc.core.properties.SwaggerUiOAuthProperties,org.springdoc.webmvc.core.configuration.SpringDocWebMvcConfiguration$SpringDocWebMvcRouterConfiguration,routerFunctionProvider,org.springdoc.webmvc.core.configuration.SpringDocWebMvcConfiguration,openApiResource,requestBuilder,springWebProvider,responseBuilder,org.springdoc.webmvc.ui.SwaggerConfig,swaggerWelcome,swaggerConfigResource,indexPageTransformer,swaggerWebMvcConfigurer,swaggerResourceResolver,org.springframework.boot.autoconfigure.aop.AopAutoConfiguration$AspectJAutoProxyingConfiguration$CglibAutoProxyConfiguration,org.springframework.aop.config.internalAutoProxyCreator,org.springframework.boot.autoconfigure.aop.AopAutoConfiguration$AspectJAutoProxyingConfiguration,org.springframework.boot.autoconfigure.aop.AopAutoConfiguration,org.springframework.boot.autoconfigure.availability.ApplicationAvailabilityAutoConfiguration,applicationAvailability,org.springframework.boot.autoconfigure.transaction.jta.JtaAutoConfiguration,org.springframework.boot.autoconfigure.jdbc.DataSourceConfiguration$Hikari,jdbcConnectionDetailsHikariBeanPostProcessor,dataSource,org.springframework.boot.autoconfigure.jdbc.DataSourceJmxConfiguration$Hikari,org.springframework.boot.autoconfigure.jdbc.DataSourceJmxConfiguration,org.springframework.boot.autoconfigure.jdbc.DataSourceAutoConfiguration$PooledDataSourceConfiguration,jdbcConnectionDetails,org.springframework.boot.autoconfigure.jdbc.metadata.DataSourcePoolMetadataProvidersConfiguration$HikariPoolDataSourceMetadataProviderConfiguration,hikariPoolDataSourceMetadataProvider,org.springframework.boot.autoconfigure.jdbc.metadata.DataSourcePoolMetadataProvidersConfiguration,org.springframework.boot.autoconfigure.jdbc.DataSourceAutoConfiguration,spring.datasource-org.springframework.boot.autoconfigure.jdbc.DataSourceProperties,org.springframework.boot.autoconfigure.transaction.TransactionManagerCustomizationAutoConfiguration,platformTransactionManagerCustomizers,transactionExecutionListeners,spring.transaction-org.springframework.boot.autoconfigure.transaction.TransactionProperties,org.springframework.boot.autoconfigure.orm.jpa.JpaBaseConfiguration$JpaWebConfiguration,openEntityManagerInViewInterceptor,openEntityManagerInViewInterceptorConfigurer,org.springframework.boot.autoconfigure.orm.jpa.JpaBaseConfiguration$PersistenceManagedTypesConfiguration,persistenceManagedTypes,org.springframework.boot.autoconfigure.orm.jpa.HibernateJpaConfiguration,transactionManager,jpaVendorAdapter,entityManagerFactoryBuilder,entityManagerFactory,spring.jpa.hibernate-org.springframework.boot.autoconfigure.orm.jpa.HibernateProperties,spring.jpa-org.springframework.boot.autoconfigure.orm.jpa.JpaProperties,org.springframework.boot.autoconfigure.orm.jpa.HibernateJpaAutoConfiguration,org.springframework.boot.autoconfigure.jackson.JacksonAutoConfiguration$Jackson2ObjectMapperBuilderCustomizerConfiguration,standardJacksonObjectMapperBuilderCustomizer,spring.jackson-org.springframework.boot.autoconfigure.jackson.JacksonProperties,org.springframework.boot.autoconfigure.jackson.JacksonAutoConfiguration$JacksonObjectMapperBuilderConfiguration,jacksonObjectMapperBuilder,org.springframework.boot.autoconfigure.jackson.JacksonAutoConfiguration$ParameterNamesModuleConfiguration,parameterNamesModule,org.springframework.boot.autoconfigure.jackson.JacksonAutoConfiguration$JacksonObjectMapperConfiguration,jacksonObjectMapper,org.springframework.boot.autoconfigure.jackson.JacksonAutoConfiguration$JacksonMixinConfiguration,jsonMixinModuleEntries,jsonMixinModule,org.springframework.boot.autoconfigure.jackson.JacksonAutoConfiguration,jsonComponentModule,org.springframework.boot.autoconfigure.context.ConfigurationPropertiesAutoConfiguration,org.springframework.boot.autoconfigure.context.LifecycleAutoConfiguration,lifecycleProcessor,spring.lifecycle-org.springframework.boot.autoconfigure.context.LifecycleProperties,org.springframework.boot.autoconfigure.dao.PersistenceExceptionTranslationAutoConfiguration,persistenceExceptionTranslationPostProcessor,org.springframework.boot.autoconfigure.data.jpa.JpaRepositoriesAutoConfiguration,jpaSharedEM_entityManagerFactory,emBeanDefinitionRegistrarPostProcessor,jpaMappingContext,jpaContext,org.springframework.data.jpa.util.JpaMetamodelCacheCleanup,org.springframework.data.jpa.repository.support.JpaEvaluationContextExtension,jpa.named-queries#0,jpa.TransactionRepository.fragments#0,transactionRepository,jpa.named-queries#1,jpa.AccountRepository.fragments#0,accountRepository,data-jpa.repository-aot-processor#0,org.springframework.boot.autoconfigure.http.HttpMessageConvertersAutoConfiguration$StringHttpMessageConverterConfiguration,stringHttpMessageConverter,org.springframework.boot.autoconfigure.http.JacksonHttpMessageConvertersConfiguration$MappingJackson2HttpMessageConverterConfiguration,mappingJackson2HttpMessageConverter,org.springframework.boot.autoconfigure.http.JacksonHttpMessageConvertersConfiguration,org.springframework.boot.autoconfigure.http.HttpMessageConvertersAutoConfiguration,messageConverters,org.springframework.data.web.config.ProjectingArgumentResolverRegistrar,projectingArgumentResolverBeanPostProcessor,org.springframework.data.web.config.HateoasAwareSpringDataWebConfiguration,pageableResolver,sortResolver,pagedResourcesAssembler,pagedResourcesAssemblerArgumentResolver,slicedResourcesAssembler,slicedResourcesAssemblerArgumentResolver,offsetResolver,org.springframework.data.web.config.SpringDataJacksonConfiguration,jacksonGeoModule,pageModule,org.springframework.boot.autoconfigure.data.web.SpringDataWebAutoConfiguration,pageableCustomizer,sortCustomizer,org.springframework.data.web.config.SpringDataWebSettings,spring.data.web-org.springframework.boot.autoconfigure.data.web.SpringDataWebProperties,org.springframework.hateoas.mediatype.hal.HalMediaTypeConfiguration,halLinkDisocoverer,org.springframework.hateoas.config.HateoasConfiguration,messageResolver,hypermediaWebMvcConverters,defaultRelProvider,annotationRelProvider,_relProvider,relProviderPluginRegistry,linkDiscoverers,linkDiscovererRegistry,org.springframework.hateoas.config.WebMvcEntityLinksConfiguration,webMvcEntityLinks,entityLinksPluginRegistry,delegatingEntityLinks,org.springframework.hateoas.config.WebMvcHateoasConfiguration,hypermediaWebMvcConfigurer,representationModelProcessorInvoker,hypermediaRepresentionModelProcessorConfigurator,webMvcLinkBuilderFactory,org.springframework.hateoas.config.RestTemplateHateoasConfiguration,hypermediaRestTemplateBeanPostProcessor,hypermediaRestTemplateConfigurer,org.springframework.boot.autoconfigure.hateoas.HypermediaAutoConfiguration$HypermediaConfiguration,org.springframework.boot.autoconfigure.hateoas.HypermediaAutoConfiguration,applicationJsonHalConfiguration,spring.hateoas-org.springframework.boot.autoconfigure.hateoas.HateoasProperties,org.springframework.boot.autoconfigure.info.ProjectInfoAutoConfiguration,spring.info-org.springframework.boot.autoconfigure.info.ProjectInfoProperties,org.springframework.boot.autoconfigure.jdbc.JdbcTemplateConfiguration,jdbcTemplate,org.springframework.boot.autoconfigure.jdbc.NamedParameterJdbcTemplateConfiguration,namedParameterJdbcTemplate,org.springframework.boot.autoconfigure.jdbc.JdbcTemplateAutoConfiguration,spring.jdbc-org.springframework.boot.autoconfigure.jdbc.JdbcProperties,org.springframework.boot.sql.init.dependency.DatabaseInitializationDependencyConfigurer$DependsOnDatabaseInitializationPostProcessor,org.springframework.boot.autoconfigure.jdbc.JdbcClientAutoConfiguration,jdbcClient,org.springframework.boot.autoconfigure.sql.init.DataSourceInitializationConfiguration,dataSourceScriptDatabaseInitializer,org.springframework.boot.autoconfigure.sql.init.SqlInitializationAutoConfiguration,spring.sql.init-org.springframework.boot.autoconfigure.sql.init.SqlInitializationProperties,org.springframework.boot.autoconfigure.task.TaskSchedulingConfigurations$ThreadPoolTaskSchedulerBuilderConfiguration,threadPoolTaskSchedulerBuilder,org.springframework.boot.autoconfigure.task.TaskSchedulingConfigurations$TaskSchedulerBuilderConfiguration,taskSchedulerBuilder,org.springframework.boot.autoconfigure.task.TaskSchedulingConfigurations$SimpleAsyncTaskSchedulerBuilderConfiguration,simpleAsyncTaskSchedulerBuilder,org.springframework.boot.autoconfigure.task.TaskSchedulingAutoConfiguration,spring.task.scheduling-org.springframework.boot.autoconfigure.task.TaskSchedulingProperties,org.springframework.boot.autoconfigure.jdbc.DataSourceTransactionManagerAutoConfiguration$JdbcTransactionManagerConfiguration,org.springframework.boot.autoconfigure.jdbc.DataSourceTransactionManagerAutoConfiguration,org.springframework.transaction.annotation.ProxyTransactionManagementConfiguration,org.springframework.transaction.config.internalTransactionAdvisor,transactionAttributeSource,transactionInterceptor,org.springframework.transaction.config.internalTransactionalEventListenerFactory,org.springframework.boot.autoconfigure.transaction.TransactionAutoConfiguration$EnableTransactionManagementConfiguration$CglibAutoProxyConfiguration,org.springframework.boot.autoconfigure.transaction.TransactionAutoConfiguration$EnableTransactionManagementConfiguration,org.springframework.boot.autoconfigure.transaction.TransactionAutoConfiguration$TransactionTemplateConfiguration,transactionTemplate,org.springframework.boot.autoconfigure.transaction.TransactionAutoConfiguration,org.springframework.boot.autoconfigure.web.client.RestClientAutoConfiguration,httpMessageConvertersRestClientCustomizer,restClientSsl,restClientBuilderConfigurer,restClientBuilder,org.springframework.boot.autoconfigure.web.client.RestTemplateAutoConfiguration,restTemplateBuilderConfigurer,restTemplateBuilder,org.springframework.boot.autoconfigure.web.embedded.EmbeddedWebServerFactoryCustomizerAutoConfiguration$TomcatWebServerFactoryCustomizerConfiguration,tomcatWebServerFactoryCustomizer,org.springframework.boot.autoconfigure.web.embedded.EmbeddedWebServerFactoryCustomizerAutoConfiguration,org.springframework.boot.autoconfigure.web.servlet.HttpEncodingAutoConfiguration,characterEncodingFilter,localeCharsetMappingsCustomizer,org.springframework.boot.autoconfigure.web.servlet.MultipartAutoConfiguration,multipartConfigElement,multipartResolver,spring.servlet.multipart-org.springframework.boot.autoconfigure.web.servlet.MultipartProperties,jpaSharedEM_AWC_entityManagerFactory]; root of factory hierarchy
2024-07-03 23:43:30.9460 [SpringApplicationShutdownHook] TRACE o.s.b.f.s.DisposableBeanAdapter - Invoking destroy() on bean with name 'webMvcEntityLinks'
2024-07-03 23:43:30.9470 [SpringApplicationShutdownHook] TRACE o.s.b.f.s.DefaultListableBeanFactory - Retrieved dependent beans for bean 'linkDiscovererRegistry': [linkDiscoverers]
2024-07-03 23:43:30.9470 [SpringApplicationShutdownHook] TRACE o.s.b.f.s.DisposableBeanAdapter - Invoking destroy() on bean with name 'org.springframework.data.jpa.util.JpaMetamodelCacheCleanup'
2024-07-03 23:43:30.9470 [SpringApplicationShutdownHook] TRACE o.s.b.f.s.DisposableBeanAdapter - Invoking destroy() on bean with name 'applicationTaskExecutor'
2024-07-03 23:43:30.9490 [SpringApplicationShutdownHook] DEBUG o.s.s.c.ThreadPoolTaskExecutor - Shutting down ExecutorService 'applicationTaskExecutor'
2024-07-03 23:43:30.9490 [SpringApplicationShutdownHook] TRACE o.s.b.f.s.DefaultListableBeanFactory - Retrieved dependent beans for bean 'mvcValidator': [requestMappingHandlerAdapter]
2024-07-03 23:43:30.9490 [SpringApplicationShutdownHook] TRACE o.s.b.f.s.DefaultListableBeanFactory - Retrieved dependent beans for bean 'requestMappingHandlerAdapter': [mvcUriComponentsContributor]
2024-07-03 23:43:30.9490 [SpringApplicationShutdownHook] TRACE o.s.b.f.s.DisposableBeanAdapter - Invoking destroy() on bean with name 'mvcValidator'
2024-07-03 23:43:30.9490 [SpringApplicationShutdownHook] TRACE o.s.b.f.s.DefaultListableBeanFactory - Retrieved dependent beans for bean 'mvcResourceUrlProvider': [welcomePageHandlerMapping, welcomePageNotAcceptableHandlerMapping, requestMappingHandlerMapping, viewControllerHandlerMapping, beanNameHandlerMapping, routerFunctionMapping, resourceHandlerMapping]
2024-07-03 23:43:30.9500 [SpringApplicationShutdownHook] TRACE o.s.b.f.s.DisposableBeanAdapter - Invoking destroy() on bean with name 'defaultValidator'
2024-07-03 23:43:30.9500 [SpringApplicationShutdownHook] TRACE o.s.b.f.s.DefaultListableBeanFactory - Retrieved dependent beans for bean 'jpaMappingContext': [accountRepository, transactionRepository]
2024-07-03 23:43:30.9510 [SpringApplicationShutdownHook] TRACE o.s.b.f.s.DefaultListableBeanFactory - Retrieved dependent beans for bean 'accountRepository': [transactionServiceImpl, accountServiceImpl]
2024-07-03 23:43:30.9510 [SpringApplicationShutdownHook] TRACE o.s.b.f.s.DefaultListableBeanFactory - Retrieved dependent beans for bean 'transactionServiceImpl': [accountServiceImpl]
2024-07-03 23:43:30.9510 [SpringApplicationShutdownHook] TRACE o.s.b.f.s.DefaultListableBeanFactory - Retrieved dependent beans for bean 'accountServiceImpl': [accountController]
2024-07-03 23:43:30.9510 [SpringApplicationShutdownHook] TRACE o.s.b.f.s.DisposableBeanAdapter - Invoking destroy() on bean with name 'jpaMappingContext'
2024-07-03 23:43:30.9510 [SpringApplicationShutdownHook] TRACE o.s.b.f.s.DisposableBeanAdapter - Invoking close() on bean with name 'jpaSharedEM_entityManagerFactory'
2024-07-03 23:43:30.9520 [SpringApplicationShutdownHook] TRACE o.s.b.f.s.DisposableBeanAdapter - Invoking destroy() on bean with name 'entityManagerFactory'
2024-07-03 23:43:30.9520 [SpringApplicationShutdownHook] INFO  o.s.o.j.LocalContainerEntityManagerFactoryBean - Closing JPA EntityManagerFactory for persistence unit 'default'
2024-07-03 23:43:30.9520 [SpringApplicationShutdownHook] DEBUG o.h.internal.SessionFactoryImpl - HHH000031: Closing
2024-07-03 23:43:30.9520 [SpringApplicationShutdownHook] TRACE o.h.s.i.AbstractServiceRegistryImpl - Initializing service [role=org.hibernate.engine.jdbc.connections.spi.MultiTenantConnectionProvider]
2024-07-03 23:43:30.9530 [SpringApplicationShutdownHook] TRACE o.h.type.spi.TypeConfiguration$Scope - Handling #sessionFactoryClosed from [org.hibernate.internal.SessionFactoryImpl@2e3b4394] for TypeConfiguration
2024-07-03 23:43:30.9530 [SpringApplicationShutdownHook] DEBUG o.h.type.spi.TypeConfiguration$Scope - Un-scoping TypeConfiguration [org.hibernate.type.spi.TypeConfiguration$Scope@5c920688] from SessionFactory [org.hibernate.internal.SessionFactoryImpl@2e3b4394]
2024-07-03 23:43:30.9540 [SpringApplicationShutdownHook] DEBUG o.h.s.i.AbstractServiceRegistryImpl - Implicitly destroying ServiceRegistry on de-registration of all child ServiceRegistries
2024-07-03 23:43:30.9550 [SpringApplicationShutdownHook] DEBUG o.h.b.r.i.BootstrapServiceRegistryImpl - Implicitly destroying Boot-strap registry on de-registration of all child ServiceRegistries
2024-07-03 23:43:30.9550 [SpringApplicationShutdownHook] TRACE o.s.b.f.s.DefaultListableBeanFactory - Retrieved dependent beans for bean 'dataSource': [dataSourceScriptDatabaseInitializer, org.springframework.boot.autoconfigure.orm.jpa.HibernateJpaConfiguration, org.springframework.boot.autoconfigure.jdbc.DataSourceJmxConfiguration$Hikari, jdbcTemplate]
2024-07-03 23:43:30.9560 [SpringApplicationShutdownHook] TRACE o.s.b.f.s.DefaultListableBeanFactory - Retrieved dependent beans for bean 'dataSourceScriptDatabaseInitializer': [jdbcTemplate, namedParameterJdbcTemplate, jdbcClient]
2024-07-03 23:43:30.9560 [SpringApplicationShutdownHook] TRACE o.s.b.f.s.DefaultListableBeanFactory - Retrieved dependent beans for bean 'jdbcTemplate': [namedParameterJdbcTemplate]
2024-07-03 23:43:30.9560 [SpringApplicationShutdownHook] TRACE o.s.b.f.s.DefaultListableBeanFactory - Retrieved dependent beans for bean 'namedParameterJdbcTemplate': [jdbcClient]
2024-07-03 23:43:30.9560 [SpringApplicationShutdownHook] TRACE o.s.b.f.s.DefaultListableBeanFactory - Retrieved dependent beans for bean 'org.springframework.boot.autoconfigure.orm.jpa.HibernateJpaConfiguration': [entityManagerFactoryBuilder, jpaVendorAdapter, transactionManager]
2024-07-03 23:43:30.9560 [SpringApplicationShutdownHook] TRACE o.s.b.f.s.DefaultListableBeanFactory - Retrieved dependent beans for bean 'transactionManager': [transactionTemplate]
2024-07-03 23:43:30.9570 [SpringApplicationShutdownHook] TRACE o.s.b.f.s.DisposableBeanAdapter - Invoking close() on bean with name 'dataSource'
2024-07-03 23:43:30.9570 [SpringApplicationShutdownHook] INFO  com.zaxxer.hikari.HikariDataSource - HikariPool-1 - Shutdown initiated...
2024-07-03 23:43:30.9570 [SpringApplicationShutdownHook] DEBUG com.zaxxer.hikari.pool.HikariPool - HikariPool-1 - Before shutdown stats (total=10, active=0, idle=10, waiting=0)
2024-07-03 23:43:30.9600 [HikariPool-1 connection closer] DEBUG com.zaxxer.hikari.pool.PoolBase - HikariPool-1 - Closing connection com.mysql.cj.jdbc.ConnectionImpl@1607d391: (connection evicted)
2024-07-03 23:43:30.9660 [HikariPool-1 connection closer] DEBUG com.zaxxer.hikari.pool.PoolBase - HikariPool-1 - Closing connection com.mysql.cj.jdbc.ConnectionImpl@6382bbae: (connection evicted)
2024-07-03 23:43:30.9680 [HikariPool-1 connection closer] DEBUG com.zaxxer.hikari.pool.PoolBase - HikariPool-1 - Closing connection com.mysql.cj.jdbc.ConnectionImpl@22bfb195: (connection evicted)
2024-07-03 23:43:30.9690 [HikariPool-1 connection closer] DEBUG com.zaxxer.hikari.pool.PoolBase - HikariPool-1 - Closing connection com.mysql.cj.jdbc.ConnectionImpl@13d75386: (connection evicted)
2024-07-03 23:43:30.9710 [HikariPool-1 connection closer] DEBUG com.zaxxer.hikari.pool.PoolBase - HikariPool-1 - Closing connection com.mysql.cj.jdbc.ConnectionImpl@42904eda: (connection evicted)
2024-07-03 23:43:30.9730 [HikariPool-1 connection closer] DEBUG com.zaxxer.hikari.pool.PoolBase - HikariPool-1 - Closing connection com.mysql.cj.jdbc.ConnectionImpl@46def0fb: (connection evicted)
2024-07-03 23:43:30.9740 [HikariPool-1 connection closer] DEBUG com.zaxxer.hikari.pool.PoolBase - HikariPool-1 - Closing connection com.mysql.cj.jdbc.ConnectionImpl@7e12a3f0: (connection evicted)
2024-07-03 23:43:30.9760 [HikariPool-1 connection closer] DEBUG com.zaxxer.hikari.pool.PoolBase - HikariPool-1 - Closing connection com.mysql.cj.jdbc.ConnectionImpl@d03f904: (connection evicted)
2024-07-03 23:43:30.9770 [HikariPool-1 connection closer] DEBUG com.zaxxer.hikari.pool.PoolBase - HikariPool-1 - Closing connection com.mysql.cj.jdbc.ConnectionImpl@2273dc6a: (connection evicted)
2024-07-03 23:43:30.9780 [HikariPool-1 connection closer] DEBUG com.zaxxer.hikari.pool.PoolBase - HikariPool-1 - Closing connection com.mysql.cj.jdbc.ConnectionImpl@505b0c2c: (connection evicted)
2024-07-03 23:43:30.9800 [SpringApplicationShutdownHook] DEBUG com.zaxxer.hikari.pool.HikariPool - HikariPool-1 - After shutdown stats (total=0, active=0, idle=0, waiting=0)
2024-07-03 23:43:30.9800 [SpringApplicationShutdownHook] INFO  com.zaxxer.hikari.HikariDataSource - HikariPool-1 - Shutdown completed.
2024-07-03 23:43:30.9820 [SpringApplicationShutdownHook] TRACE o.s.b.f.s.DisposableBeanAdapter - Invoking destroy() on bean with name 'characterEncodingFilter'
2024-07-03 23:43:30.9820 [SpringApplicationShutdownHook] TRACE o.s.b.f.s.DisposableBeanAdapter - Invoking destroy() on bean with name 'formContentFilter'
2024-07-03 23:43:30.9820 [SpringApplicationShutdownHook] TRACE o.s.b.f.s.DisposableBeanAdapter - Invoking destroy() on bean with name 'requestContextFilter'
2024-07-03 23:43:30.9820 [SpringApplicationShutdownHook] TRACE o.s.b.f.s.DefaultListableBeanFactory - Retrieved dependent beans for bean 'fileWatcher': [sslPropertiesSslBundleRegistrar]
2024-07-03 23:43:30.9820 [SpringApplicationShutdownHook] TRACE o.s.b.f.s.DisposableBeanAdapter - Invoking close() on bean with name 'fileWatcher'
2024-07-03 23:43:30.9820 [SpringApplicationShutdownHook] TRACE o.s.b.f.s.DefaultListableBeanFactory - Retrieved dependent beans for bean 'org.springframework.boot.autoconfigure.internalCachingMetadataReaderFactory': [org.springframework.context.annotation.internalConfigurationAnnotationProcessor]
