2024-07-04 19:13:00.1800 [http-nio-8080-Poller] DEBUG o.apache.tomcat.util.net.NioEndpoint - timeout completed: keys processed=0; now=1720100580180; nextExpiration=1720100580166; keyCount=0; hasEvents=false; eval=false
2024-07-04 19:13:01.1940 [http-nio-8080-Poller] DEBUG o.apache.tomcat.util.net.NioEndpoint - timeout completed: keys processed=0; now=1720100581194; nextExpiration=1720100581180; keyCount=0; hasEvents=false; eval=false
2024-07-04 19:13:02.2070 [http-nio-8080-Poller] DEBUG o.apache.tomcat.util.net.NioEndpoint - timeout completed: keys processed=0; now=1720100582207; nextExpiration=1720100582194; keyCount=0; hasEvents=false; eval=false
2024-07-04 19:13:03.2190 [http-nio-8080-Poller] DEBUG o.apache.tomcat.util.net.NioEndpoint - timeout completed: keys processed=0; now=1720100583219; nextExpiration=1720100583207; keyCount=0; hasEvents=false; eval=false
2024-07-04 19:13:04.2300 [http-nio-8080-Poller] DEBUG o.apache.tomcat.util.net.NioEndpoint - timeout completed: keys processed=0; now=1720100584230; nextExpiration=1720100584219; keyCount=0; hasEvents=false; eval=false
2024-07-04 19:13:05.2440 [http-nio-8080-Poller] DEBUG o.apache.tomcat.util.net.NioEndpoint - timeout completed: keys processed=0; now=1720100585244; nextExpiration=1720100585230; keyCount=0; hasEvents=false; eval=false
2024-07-04 19:13:06.2590 [http-nio-8080-Poller] DEBUG o.apache.tomcat.util.net.NioEndpoint - timeout completed: keys processed=0; now=1720100586259; nextExpiration=1720100586244; keyCount=0; hasEvents=false; eval=false
2024-07-04 19:13:07.2720 [http-nio-8080-Poller] DEBUG o.apache.tomcat.util.net.NioEndpoint - timeout completed: keys processed=0; now=1720100587272; nextExpiration=1720100587259; keyCount=0; hasEvents=false; eval=false
2024-07-04 19:13:08.2870 [http-nio-8080-Poller] DEBUG o.apache.tomcat.util.net.NioEndpoint - timeout completed: keys processed=0; now=1720100588287; nextExpiration=1720100588272; keyCount=0; hasEvents=false; eval=false
2024-07-04 19:13:09.2900 [http-nio-8080-Poller] DEBUG o.apache.tomcat.util.net.NioEndpoint - timeout completed: keys processed=0; now=1720100589290; nextExpiration=1720100589287; keyCount=0; hasEvents=false; eval=false
2024-07-04 19:13:10.2920 [http-nio-8080-Poller] DEBUG o.apache.tomcat.util.net.NioEndpoint - timeout completed: keys processed=0; now=1720100590291; nextExpiration=1720100590290; keyCount=0; hasEvents=false; eval=false
2024-07-04 19:13:11.3090 [http-nio-8080-Poller] DEBUG o.apache.tomcat.util.net.NioEndpoint - timeout completed: keys processed=0; now=1720100591309; nextExpiration=1720100591291; keyCount=0; hasEvents=false; eval=false
2024-07-04 19:13:12.3120 [http-nio-8080-Poller] DEBUG o.apache.tomcat.util.net.NioEndpoint - timeout completed: keys processed=0; now=1720100592312; nextExpiration=1720100592309; keyCount=0; hasEvents=false; eval=false
2024-07-04 19:13:13.3280 [http-nio-8080-Poller] DEBUG o.apache.tomcat.util.net.NioEndpoint - timeout completed: keys processed=0; now=1720100593328; nextExpiration=1720100593312; keyCount=0; hasEvents=false; eval=false
2024-07-04 19:13:14.3440 [http-nio-8080-Poller] DEBUG o.apache.tomcat.util.net.NioEndpoint - timeout completed: keys processed=0; now=1720100594344; nextExpiration=1720100594328; keyCount=0; hasEvents=false; eval=false
2024-07-04 19:13:15.3460 [http-nio-8080-Poller] DEBUG o.apache.tomcat.util.net.NioEndpoint - timeout completed: keys processed=0; now=1720100595346; nextExpiration=1720100595344; keyCount=0; hasEvents=false; eval=false
2024-07-04 19:13:16.3610 [http-nio-8080-Poller] DEBUG o.apache.tomcat.util.net.NioEndpoint - timeout completed: keys processed=0; now=1720100596361; nextExpiration=1720100596346; keyCount=0; hasEvents=false; eval=false
2024-07-04 19:13:17.3630 [http-nio-8080-Poller] DEBUG o.apache.tomcat.util.net.NioEndpoint - timeout completed: keys processed=0; now=1720100597363; nextExpiration=1720100597361; keyCount=0; hasEvents=false; eval=false
2024-07-04 19:13:18.3630 [http-nio-8080-Poller] DEBUG o.apache.tomcat.util.net.NioEndpoint - timeout completed: keys processed=0; now=1720100598363; nextExpiration=1720100598363; keyCount=0; hasEvents=false; eval=false
2024-07-04 19:13:18.7080 [HikariPool-1 housekeeper] DEBUG com.zaxxer.hikari.pool.HikariPool - HikariPool-1 - Pool stats (total=10, active=0, idle=10, waiting=0)
2024-07-04 19:13:18.7080 [HikariPool-1 housekeeper] DEBUG com.zaxxer.hikari.pool.HikariPool - HikariPool-1 - Fill pool skipped, pool has sufficient level or currently being filled.
2024-07-04 19:13:19.3650 [http-nio-8080-Poller] DEBUG o.apache.tomcat.util.net.NioEndpoint - timeout completed: keys processed=0; now=1720100599365; nextExpiration=1720100599363; keyCount=0; hasEvents=false; eval=false
2024-07-04 19:13:20.3800 [http-nio-8080-Poller] DEBUG o.apache.tomcat.util.net.NioEndpoint - timeout completed: keys processed=0; now=1720100600380; nextExpiration=1720100600365; keyCount=0; hasEvents=false; eval=false
2024-07-04 19:13:21.3930 [http-nio-8080-Poller] DEBUG o.apache.tomcat.util.net.NioEndpoint - timeout completed: keys processed=0; now=1720100601393; nextExpiration=1720100601380; keyCount=0; hasEvents=false; eval=false
2024-07-04 19:13:22.4030 [http-nio-8080-Poller] DEBUG o.apache.tomcat.util.net.NioEndpoint - timeout completed: keys processed=0; now=1720100602402; nextExpiration=1720100602393; keyCount=0; hasEvents=false; eval=false
2024-07-04 19:13:23.4140 [http-nio-8080-Poller] DEBUG o.apache.tomcat.util.net.NioEndpoint - timeout completed: keys processed=0; now=1720100603414; nextExpiration=1720100603402; keyCount=0; hasEvents=false; eval=false
2024-07-04 19:13:24.4140 [http-nio-8080-Poller] DEBUG o.apache.tomcat.util.net.NioEndpoint - timeout completed: keys processed=0; now=1720100604414; nextExpiration=1720100604414; keyCount=0; hasEvents=false; eval=false
2024-07-04 19:13:25.4260 [http-nio-8080-Poller] DEBUG o.apache.tomcat.util.net.NioEndpoint - timeout completed: keys processed=0; now=1720100605426; nextExpiration=1720100605414; keyCount=0; hasEvents=false; eval=false
2024-07-04 19:13:26.4260 [http-nio-8080-Poller] DEBUG o.apache.tomcat.util.net.NioEndpoint - timeout completed: keys processed=0; now=1720100606426; nextExpiration=1720100606426; keyCount=0; hasEvents=false; eval=false
2024-07-04 19:13:27.4270 [http-nio-8080-Poller] DEBUG o.apache.tomcat.util.net.NioEndpoint - timeout completed: keys processed=0; now=1720100607427; nextExpiration=1720100607426; keyCount=0; hasEvents=false; eval=false
2024-07-04 19:13:28.4380 [http-nio-8080-Poller] DEBUG o.apache.tomcat.util.net.NioEndpoint - timeout completed: keys processed=0; now=1720100608438; nextExpiration=1720100608427; keyCount=0; hasEvents=false; eval=false
2024-07-04 19:13:29.4380 [http-nio-8080-Poller] DEBUG o.apache.tomcat.util.net.NioEndpoint - timeout completed: keys processed=0; now=1720100609438; nextExpiration=1720100609438; keyCount=0; hasEvents=false; eval=false
2024-07-04 19:13:30.4390 [http-nio-8080-Poller] DEBUG o.apache.tomcat.util.net.NioEndpoint - timeout completed: keys processed=0; now=1720100610439; nextExpiration=1720100610438; keyCount=0; hasEvents=false; eval=false
2024-07-04 19:13:31.4500 [http-nio-8080-Poller] DEBUG o.apache.tomcat.util.net.NioEndpoint - timeout completed: keys processed=0; now=1720100611450; nextExpiration=1720100611439; keyCount=0; hasEvents=false; eval=false
2024-07-04 19:13:32.4640 [http-nio-8080-Poller] DEBUG o.apache.tomcat.util.net.NioEndpoint - timeout completed: keys processed=0; now=1720100612464; nextExpiration=1720100612450; keyCount=0; hasEvents=false; eval=false
2024-07-04 19:13:33.4670 [http-nio-8080-Poller] DEBUG o.apache.tomcat.util.net.NioEndpoint - timeout completed: keys processed=0; now=1720100613467; nextExpiration=1720100613464; keyCount=0; hasEvents=false; eval=false
2024-07-04 19:13:34.4810 [http-nio-8080-Poller] DEBUG o.apache.tomcat.util.net.NioEndpoint - timeout completed: keys processed=0; now=1720100614481; nextExpiration=1720100614467; keyCount=0; hasEvents=false; eval=false
2024-07-04 19:13:35.4810 [http-nio-8080-Poller] DEBUG o.apache.tomcat.util.net.NioEndpoint - timeout completed: keys processed=0; now=1720100615481; nextExpiration=1720100615481; keyCount=0; hasEvents=false; eval=false
2024-07-04 19:13:36.4970 [http-nio-8080-Poller] DEBUG o.apache.tomcat.util.net.NioEndpoint - timeout completed: keys processed=0; now=1720100616497; nextExpiration=1720100616481; keyCount=0; hasEvents=false; eval=false
2024-07-04 19:13:37.5130 [http-nio-8080-Poller] DEBUG o.apache.tomcat.util.net.NioEndpoint - timeout completed: keys processed=0; now=1720100617513; nextExpiration=1720100617497; keyCount=0; hasEvents=false; eval=false
2024-07-04 19:13:38.5280 [http-nio-8080-Poller] DEBUG o.apache.tomcat.util.net.NioEndpoint - timeout completed: keys processed=0; now=1720100618528; nextExpiration=1720100618513; keyCount=0; hasEvents=false; eval=false
2024-07-04 19:13:39.5390 [http-nio-8080-Poller] DEBUG o.apache.tomcat.util.net.NioEndpoint - timeout completed: keys processed=0; now=1720100619539; nextExpiration=1720100619528; keyCount=0; hasEvents=false; eval=false
2024-07-04 19:13:40.5400 [http-nio-8080-Poller] DEBUG o.apache.tomcat.util.net.NioEndpoint - timeout completed: keys processed=0; now=1720100620540; nextExpiration=1720100620539; keyCount=0; hasEvents=false; eval=false
2024-07-04 19:13:41.5400 [http-nio-8080-Poller] DEBUG o.apache.tomcat.util.net.NioEndpoint - timeout completed: keys processed=0; now=1720100621540; nextExpiration=1720100621540; keyCount=0; hasEvents=false; eval=false
2024-07-04 19:13:42.5410 [http-nio-8080-Poller] DEBUG o.apache.tomcat.util.net.NioEndpoint - timeout completed: keys processed=0; now=1720100622541; nextExpiration=1720100622540; keyCount=0; hasEvents=false; eval=false
2024-07-04 19:13:43.5450 [http-nio-8080-Poller] DEBUG o.apache.tomcat.util.net.NioEndpoint - timeout completed: keys processed=0; now=1720100623545; nextExpiration=1720100623541; keyCount=0; hasEvents=false; eval=false
2024-07-04 19:13:44.5590 [http-nio-8080-Poller] DEBUG o.apache.tomcat.util.net.NioEndpoint - timeout completed: keys processed=0; now=1720100624559; nextExpiration=1720100624545; keyCount=0; hasEvents=false; eval=false
2024-07-04 19:13:45.5730 [http-nio-8080-Poller] DEBUG o.apache.tomcat.util.net.NioEndpoint - timeout completed: keys processed=0; now=1720100625573; nextExpiration=1720100625559; keyCount=0; hasEvents=false; eval=false
2024-07-04 19:13:46.4480 [Catalina-utility-1] DEBUG o.a.catalina.session.ManagerBase - Start expire sessions StandardManager at 1720100626448 sessioncount 0
2024-07-04 19:13:46.4480 [Catalina-utility-1] DEBUG o.a.catalina.session.ManagerBase - End expire sessions StandardManager processingTime 0 expired sessions: 0
2024-07-04 19:13:46.5890 [http-nio-8080-Poller] DEBUG o.apache.tomcat.util.net.NioEndpoint - timeout completed: keys processed=0; now=1720100626589; nextExpiration=1720100626573; keyCount=0; hasEvents=false; eval=false
2024-07-04 19:13:47.6010 [http-nio-8080-Poller] DEBUG o.apache.tomcat.util.net.NioEndpoint - timeout completed: keys processed=0; now=1720100627601; nextExpiration=1720100627589; keyCount=0; hasEvents=false; eval=false
2024-07-04 19:13:48.6020 [http-nio-8080-Poller] DEBUG o.apache.tomcat.util.net.NioEndpoint - timeout completed: keys processed=0; now=1720100628602; nextExpiration=1720100628601; keyCount=0; hasEvents=false; eval=false
2024-07-04 19:13:48.7120 [HikariPool-1 housekeeper] DEBUG com.zaxxer.hikari.pool.HikariPool - HikariPool-1 - Pool stats (total=10, active=0, idle=10, waiting=0)
2024-07-04 19:13:48.7120 [HikariPool-1 housekeeper] DEBUG com.zaxxer.hikari.pool.HikariPool - HikariPool-1 - Fill pool skipped, pool has sufficient level or currently being filled.
2024-07-04 19:13:49.6030 [http-nio-8080-Poller] DEBUG o.apache.tomcat.util.net.NioEndpoint - timeout completed: keys processed=0; now=1720100629603; nextExpiration=1720100629602; keyCount=0; hasEvents=false; eval=false
2024-07-04 19:13:50.6040 [http-nio-8080-Poller] DEBUG o.apache.tomcat.util.net.NioEndpoint - timeout completed: keys processed=0; now=1720100630604; nextExpiration=1720100630603; keyCount=0; hasEvents=false; eval=false
2024-07-04 19:13:51.6190 [http-nio-8080-Poller] DEBUG o.apache.tomcat.util.net.NioEndpoint - timeout completed: keys processed=0; now=1720100631619; nextExpiration=1720100631604; keyCount=0; hasEvents=false; eval=false
2024-07-04 19:13:52.6270 [http-nio-8080-Poller] DEBUG o.apache.tomcat.util.net.NioEndpoint - timeout completed: keys processed=0; now=1720100632626; nextExpiration=1720100632619; keyCount=0; hasEvents=false; eval=false
2024-07-04 19:13:53.6350 [http-nio-8080-Poller] DEBUG o.apache.tomcat.util.net.NioEndpoint - timeout completed: keys processed=0; now=1720100633635; nextExpiration=1720100633626; keyCount=0; hasEvents=false; eval=false
2024-07-04 19:13:54.6350 [http-nio-8080-Poller] DEBUG o.apache.tomcat.util.net.NioEndpoint - timeout completed: keys processed=0; now=1720100634635; nextExpiration=1720100634635; keyCount=0; hasEvents=false; eval=false
2024-07-04 19:13:55.6360 [http-nio-8080-Poller] DEBUG o.apache.tomcat.util.net.NioEndpoint - timeout completed: keys processed=0; now=1720100635636; nextExpiration=1720100635635; keyCount=0; hasEvents=false; eval=false
2024-07-04 19:13:56.6390 [http-nio-8080-Poller] DEBUG o.apache.tomcat.util.net.NioEndpoint - timeout completed: keys processed=0; now=1720100636639; nextExpiration=1720100636636; keyCount=0; hasEvents=false; eval=false
2024-07-04 19:13:57.6400 [http-nio-8080-Poller] DEBUG o.apache.tomcat.util.net.NioEndpoint - timeout completed: keys processed=0; now=1720100637640; nextExpiration=1720100637639; keyCount=0; hasEvents=false; eval=false
2024-07-04 19:13:58.6430 [http-nio-8080-Poller] DEBUG o.apache.tomcat.util.net.NioEndpoint - timeout completed: keys processed=0; now=1720100638643; nextExpiration=1720100638640; keyCount=0; hasEvents=false; eval=false
2024-07-04 19:13:59.6570 [http-nio-8080-Poller] DEBUG o.apache.tomcat.util.net.NioEndpoint - timeout completed: keys processed=0; now=1720100639657; nextExpiration=1720100639643; keyCount=0; hasEvents=false; eval=false
